{"numTotalTestSuites":71,"numPassedTestSuites":71,"numFailedTestSuites":0,"numPendingTestSuites":0,"numTotalTests":154,"numPassedTests":154,"numFailedTests":0,"numPendingTests":0,"numTodoTests":0,"snapshot":{"added":0,"failure":false,"filesAdded":0,"filesRemoved":0,"filesRemovedList":[],"filesUnmatched":0,"filesUpdated":0,"matched":0,"total":0,"unchecked":0,"uncheckedKeysByFile":[],"unmatched":0,"updated":0,"didUpdate":false},"startTime":1780719108694,"success":true,"testResults":[{"assertionResults":[{"ancestorTitles":["resolveUiDensity"],"fullName":"resolveUiDensity defaults to 0.9 when env unset","status":"passed","title":"defaults to 0.9 when env unset","duration":2.347200000000157,"failureMessages":[],"meta":{}},{"ancestorTitles":["resolveUiDensity"],"fullName":"resolveUiDensity parses valid env and clamps to [0.75, 1]","status":"passed","title":"parses valid env and clamps to [0.75, 1]","duration":1.1637000000000626,"failureMessages":[],"meta":{}},{"ancestorTitles":["resolveUiDensity"],"fullName":"resolveUiDensity falls back on invalid env","status":"passed","title":"falls back on invalid env","duration":0.5698999999999614,"failureMessages":[],"meta":{}}],"startTime":1780719125214,"endTime":1780719125218.5698,"status":"passed","message":"","name":"C:/Users/ADMIN/OneDrive/Tài liệu/Vibe Coding/projects/xevn-ecosystem/apps/web/web-portal/src/config/uiDensity.test.ts"},{"assertionResults":[{"ancestorTitles":["useCommandCenterKpiRail"],"fullName":"useCommandCenterKpiRail D-8088-KPI-01: empty rollup series HTTP 200 does not set loadFailed","status":"passed","title":"D-8088-KPI-01: empty rollup series HTTP 200 does not set loadFailed","duration":113.5900999999999,"failureMessages":[],"meta":{}},{"ancestorTitles":["useCommandCenterKpiRail"],"fullName":"useCommandCenterKpiRail sets loadFailed when rollup API returns null (network/HTTP error)","status":"passed","title":"sets loadFailed when rollup API returns null (network/HTTP error)","duration":74.9661000000001,"failureMessages":[],"meta":{}},{"ancestorTitles":["useCommandCenterKpiRail"],"fullName":"useCommandCenterKpiRail maps non-empty rollup series to sparkline","status":"passed","title":"maps non-empty rollup series to sparkline","duration":77.51890000000003,"failureMessages":[],"meta":{}}],"startTime":1780719117343,"endTime":1780719117609.5188,"status":"passed","message":"","name":"C:/Users/ADMIN/OneDrive/Tài liệu/Vibe Coding/projects/xevn-ecosystem/apps/web/web-portal/src/hooks/useCommandCenterKpiRail.test.ts"},{"assertionResults":[{"ancestorTitles":["assetRequestApi"],"fullName":"assetRequestApi lists asset requests with auth headers","status":"passed","title":"lists asset requests with auth headers","duration":14.00059999999985,"failureMessages":[],"meta":{}},{"ancestorTitles":["assetRequestApi"],"fullName":"assetRequestApi creates asset request","status":"passed","title":"creates asset request","duration":2.870300000000043,"failureMessages":[],"meta":{}},{"ancestorTitles":["assetRequestApi"],"fullName":"assetRequestApi transitions to next status in DAG","status":"passed","title":"transitions to next status in DAG","duration":1.2826000000000022,"failureMessages":[],"meta":{}},{"ancestorTitles":["assetRequestApi"],"fullName":"assetRequestApi resolves next status along 5-step flow","status":"passed","title":"resolves next status along 5-step flow","duration":1.3472000000001572,"failureMessages":[],"meta":{}}],"startTime":1780719117409,"endTime":1780719117428.3472,"status":"passed","message":"","name":"C:/Users/ADMIN/OneDrive/Tài liệu/Vibe Coding/projects/xevn-ecosystem/apps/web/web-portal/src/integrations/assetRequestApi.test.ts"},{"assertionResults":[{"ancestorTitles":["authSession expiry"],"fullName":"authSession expiry persists tokenExpiresAt from expiresInSec","status":"passed","title":"persists tokenExpiresAt from expiresInSec","duration":8.48450000000048,"failureMessages":[],"meta":{}},{"ancestorTitles":["authSession expiry"],"fullName":"authSession expiry mirrors session to localStorage for same-origin HRM iframe","status":"passed","title":"mirrors session to localStorage for same-origin HRM iframe","duration":2.023200000000543,"failureMessages":[],"meta":{}},{"ancestorTitles":["authSession expiry"],"fullName":"authSession expiry treats session as expired when past expiresAt","status":"passed","title":"treats session as expired when past expiresAt","duration":4.294599999999264,"failureMessages":[],"meta":{}},{"ancestorTitles":["authSession expiry"],"fullName":"authSession expiry returns token while before expiresAt","status":"passed","title":"returns token while before expiresAt","duration":1.01470000000063,"failureMessages":[],"meta":{}},{"ancestorTitles":["authSession expiry"],"fullName":"authSession expiry re-hydrates CC shell sessionStorage from localStorage mirror (C-MEMCC-01)","status":"passed","title":"re-hydrates CC shell sessionStorage from localStorage mirror (C-MEMCC-01)","duration":1.2921000000005733,"failureMessages":[],"meta":{}},{"ancestorTitles":["UC-ECO-FE-01 portal API session bridge"],"fullName":"UC-ECO-FE-01 portal API session bridge UC-ECO-FE-01: persistAuthSession exposes access token for downstream API clients","status":"passed","title":"UC-ECO-FE-01: persistAuthSession exposes access token for downstream API clients","duration":1.5029999999997017,"failureMessages":[],"meta":{}}],"startTime":1780719113322,"endTime":1780719113341.503,"status":"passed","message":"","name":"C:/Users/ADMIN/OneDrive/Tài liệu/Vibe Coding/projects/xevn-ecosystem/apps/web/web-portal/src/integrations/authSession.test.ts"},{"assertionResults":[{"ancestorTitles":["capabilityActionRegistry"],"fullName":"capabilityActionRegistry covers Track A inventory codes","status":"passed","title":"covers Track A inventory codes","duration":3.460399999999936,"failureMessages":[],"meta":{}},{"ancestorTitles":["capabilityActionRegistry"],"fullName":"capabilityActionRegistry blocks with explicit reason when runtime blocked","status":"passed","title":"blocks with explicit reason when runtime blocked","duration":1.4816999999998188,"failureMessages":[],"meta":{}},{"ancestorTitles":["capabilityActionRegistry"],"fullName":"capabilityActionRegistry preset delete has documented disabled reason in registry","status":"passed","title":"preset delete has documented disabled reason in registry","duration":0.5588000000002467,"failureMessages":[],"meta":{}},{"ancestorTitles":["capabilityActionRegistry"],"fullName":"capabilityActionRegistry maps executive module routes","status":"passed","title":"maps executive module routes","duration":0.3112999999998465,"failureMessages":[],"meta":{}}],"startTime":1780719117429,"endTime":1780719117435.5588,"status":"passed","message":"","name":"C:/Users/ADMIN/OneDrive/Tài liệu/Vibe Coding/projects/xevn-ecosystem/apps/web/web-portal/src/integrations/capabilityActionRegistry.test.ts"},{"assertionResults":[{"ancestorTitles":["commandCenterInboxApi (BR-INBOX-01 / P0-CRUD-06)"],"fullName":"commandCenterInboxApi (BR-INBOX-01 / P0-CRUD-06) resolveInboxAssigneeUserId prefers session user","status":"passed","title":"resolveInboxAssigneeUserId prefers session user","duration":11.34860000000026,"failureMessages":[],"meta":{}},{"ancestorTitles":["commandCenterInboxApi (BR-INBOX-01 / P0-CRUD-06)"],"fullName":"commandCenterInboxApi (BR-INBOX-01 / P0-CRUD-06) mapWorkflowTaskToUnifiedTask maps hat_key for multi-hat complete","status":"passed","title":"mapWorkflowTaskToUnifiedTask maps hat_key for multi-hat complete","duration":1.1143000000001848,"failureMessages":[],"meta":{}},{"ancestorTitles":["commandCenterInboxApi (BR-INBOX-01 / P0-CRUD-06)"],"fullName":"commandCenterInboxApi (BR-INBOX-01 / P0-CRUD-06) fetchCommandCenterInboxTasks filters by logged-in assignee","status":"passed","title":"fetchCommandCenterInboxTasks filters by logged-in assignee","duration":33.2488000000003,"failureMessages":[],"meta":{}}],"startTime":1780719122515,"endTime":1780719122560.2488,"status":"passed","message":"","name":"C:/Users/ADMIN/OneDrive/Tài liệu/Vibe Coding/projects/xevn-ecosystem/apps/web/web-portal/src/integrations/commandCenterInboxApi.test.ts"},{"assertionResults":[{"ancestorTitles":["commandCenterKpi"],"fullName":"commandCenterKpi maps rollup actual/target to achievement %","status":"passed","title":"maps rollup actual/target to achievement %","duration":35.322000000000116,"failureMessages":[],"meta":{}},{"ancestorTitles":["commandCenterKpi"],"fullName":"commandCenterKpi uses actual as value when target missing","status":"passed","title":"uses actual as value when target missing","duration":0.5841999999993277,"failureMessages":[],"meta":{}},{"ancestorTitles":["commandCenterKpi"],"fullName":"commandCenterKpi picks preferred metric then first non-empty series","status":"passed","title":"picks preferred metric then first non-empty series","duration":1.1557999999995445,"failureMessages":[],"meta":{}}],"startTime":1780719121657,"endTime":1780719121694.1558,"status":"passed","message":"","name":"C:/Users/ADMIN/OneDrive/Tài liệu/Vibe Coding/projects/xevn-ecosystem/apps/web/web-portal/src/integrations/commandCenterKpi.test.ts"},{"assertionResults":[{"ancestorTitles":["commandCenterScope (ADR C2)"],"fullName":"commandCenterScope (ADR C2) detects group leadership roles","status":"passed","title":"detects group leadership roles","duration":15.479600000000573,"failureMessages":[],"meta":{}},{"ancestorTitles":["commandCenterScope (ADR C2)"],"fullName":"commandCenterScope (ADR C2) maps group CEO KPI rollup query to holding in dev when partition flag on","status":"passed","title":"maps group CEO KPI rollup query to holding in dev when partition flag on","duration":6.857099999999264,"failureMessages":[],"meta":{}},{"ancestorTitles":["commandCenterScope (ADR C2)"],"fullName":"commandCenterScope (ADR C2) keeps KPI rollup query main on production build (HTTPS pilot — no holding 409)","status":"passed","title":"keeps KPI rollup query main on production build (HTTPS pilot — no holding 409)","duration":1.8908999999994194,"failureMessages":[],"meta":{}},{"ancestorTitles":["commandCenterScope (ADR C2)"],"fullName":"commandCenterScope (ADR C2) normalizes master tenant slug mistaken as companyId for HRM embed","status":"passed","title":"normalizes master tenant slug mistaken as companyId for HRM embed","duration":1.6817000000000917,"failureMessages":[],"meta":{}},{"ancestorTitles":["commandCenterScope (ADR C2)"],"fullName":"commandCenterScope (ADR C2) normalizes holding hint to main for HRM operational lists (EX-SA01-P1-03)","status":"passed","title":"normalizes holding hint to main for HRM operational lists (EX-SA01-P1-03)","duration":2.077499999999418,"failureMessages":[],"meta":{}},{"ancestorTitles":["commandCenterScope (ADR C2)"],"fullName":"commandCenterScope (ADR C2) keeps member CEO rollup company as main","status":"passed","title":"keeps member CEO rollup company as main","duration":1.1026999999994587,"failureMessages":[],"meta":{}},{"ancestorTitles":["commandCenterScope (ADR C2)"],"fullName":"commandCenterScope (ADR C2) coerces holding to main on strict workflow paths (EX-SA01-P1-04)","status":"passed","title":"coerces holding to main on strict workflow paths (EX-SA01-P1-04)","duration":3.2655000000004293,"failureMessages":[],"meta":{}}],"startTime":1780719113577,"endTime":1780719113610.2654,"status":"passed","message":"","name":"C:/Users/ADMIN/OneDrive/Tài liệu/Vibe Coding/projects/xevn-ecosystem/apps/web/web-portal/src/integrations/commandCenterScope.test.ts"},{"assertionResults":[{"ancestorTitles":["deptSystemTemplatesApi"],"fullName":"deptSystemTemplatesApi maps business-master row with defaults","status":"passed","title":"maps business-master row with defaults","duration":3.1167999999997846,"failureMessages":[],"meta":{}},{"ancestorTitles":["deptSystemTemplatesApi"],"fullName":"deptSystemTemplatesApi sorts enabled org grade levels","status":"passed","title":"sorts enabled org grade levels","duration":0.6802999999999884,"failureMessages":[],"meta":{}},{"ancestorTitles":["deptSystemTemplatesApi"],"fullName":"deptSystemTemplatesApi prefers API rows in strict mode","status":"passed","title":"prefers API rows in strict mode","duration":2.658300000000054,"failureMessages":[],"meta":{}},{"ancestorTitles":["deptSystemTemplatesApi"],"fullName":"deptSystemTemplatesApi uses mock seed only when flag allows and API empty","status":"passed","title":"uses mock seed only when flag allows and API empty","duration":0.4326999999993859,"failureMessages":[],"meta":{}},{"ancestorTitles":["deptSystemTemplatesApi"],"fullName":"deptSystemTemplatesApi returns empty strict when API empty and mock disabled","status":"passed","title":"returns empty strict when API empty and mock disabled","duration":0.7545000000000073,"failureMessages":[],"meta":{}},{"ancestorTitles":["deptSystemTemplatesApi"],"fullName":"deptSystemTemplatesApi detects HTTP 404 for dept templates domain","status":"passed","title":"detects HTTP 404 for dept templates domain","duration":0.9543999999996231,"failureMessages":[],"meta":{}},{"ancestorTitles":["deptSystemTemplatesApi"],"fullName":"deptSystemTemplatesApi returns seed hint message on 404","status":"passed","title":"returns seed hint message on 404","duration":0.39289999999982683,"failureMessages":[],"meta":{}},{"ancestorTitles":["deptSystemTemplatesApi"],"fullName":"deptSystemTemplatesApi marks loadFailed on API error without mock","status":"passed","title":"marks loadFailed on API error without mock","duration":0.5255999999999403,"failureMessages":[],"meta":{}}],"startTime":1780719113586,"endTime":1780719113596.5256,"status":"passed","message":"","name":"C:/Users/ADMIN/OneDrive/Tài liệu/Vibe Coding/projects/xevn-ecosystem/apps/web/web-portal/src/integrations/deptSystemTemplatesApi.test.ts"},{"assertionResults":[{"ancestorTitles":["sumEffectiveCatalogItems"],"fullName":"sumEffectiveCatalogItems counts catalogs and active effective rows","status":"passed","title":"counts catalogs and active effective rows","duration":2.637699999999313,"failureMessages":[],"meta":{}},{"ancestorTitles":["sumEffectiveCatalogItems"],"fullName":"sumEffectiveCatalogItems returns zero when no catalogs","status":"passed","title":"returns zero when no catalogs","duration":2.15979999999945,"failureMessages":[],"meta":{}}],"startTime":1780719122513,"endTime":1780719122518.16,"status":"passed","message":"","name":"C:/Users/ADMIN/OneDrive/Tài liệu/Vibe Coding/projects/xevn-ecosystem/apps/web/web-portal/src/integrations/hrmCatalogStats.test.ts"},{"assertionResults":[{"ancestorTitles":["resolveIdentityScope (master tenant)"],"fullName":"resolveIdentityScope (master tenant) rejects tenant slug mistaken as JWT companyId on master tenant (HTTPS pilot)","status":"passed","title":"rejects tenant slug mistaken as JWT companyId on master tenant (HTTPS pilot)","duration":4.560500000000502,"failureMessages":[],"meta":{}},{"ancestorTitles":["resolveIdentityScope (member CEO — C-MEMCC-01)"],"fullName":"resolveIdentityScope (member CEO — C-MEMCC-01) prefers JWT member tenant over master placeholder hint (CC embed boot)","status":"passed","title":"prefers JWT member tenant over master placeholder hint (CC embed boot)","duration":1.1283000000003085,"failureMessages":[],"meta":{}},{"ancestorTitles":["resolveIdentityScope (member CEO — C-MEMCC-01)"],"fullName":"resolveIdentityScope (member CEO — C-MEMCC-01) keeps member tenant + main when UI hint matches JWT (du-lich.ceo@xe.vn)","status":"passed","title":"keeps member tenant + main when UI hint matches JWT (du-lich.ceo@xe.vn)","duration":1.384200000000419,"failureMessages":[],"meta":{}},{"ancestorTitles":["resolveIdentityScope (member CEO — C-MEMCC-01)"],"fullName":"resolveIdentityScope (member CEO — C-MEMCC-01) normalizes holding hint to main for member HRM operational scope","status":"passed","title":"normalizes holding hint to main for member HRM operational scope","duration":2.011199999999917,"failureMessages":[],"meta":{}}],"startTime":1780719113555,"endTime":1780719113565.0112,"status":"passed","message":"","name":"C:/Users/ADMIN/OneDrive/Tài liệu/Vibe Coding/projects/xevn-ecosystem/apps/web/web-portal/src/integrations/identityScope.test.ts"},{"assertionResults":[{"ancestorTitles":["infrastructureApi — UC-XBOS-CC-07"],"fullName":"infrastructureApi — UC-XBOS-CC-07 resolveInfrastructureFoundationLoad prefers API rows","status":"passed","title":"resolveInfrastructureFoundationLoad prefers API rows","duration":14.307300000000396,"failureMessages":[],"meta":{}},{"ancestorTitles":["infrastructureApi — UC-XBOS-CC-07"],"fullName":"infrastructureApi — UC-XBOS-CC-07 strict mode returns empty on API fail","status":"passed","title":"strict mode returns empty on API fail","duration":2.5443999999997686,"failureMessages":[],"meta":{}},{"ancestorTitles":["infrastructureApi — UC-XBOS-CC-07"],"fullName":"infrastructureApi — UC-XBOS-CC-07 mock fallback when flag set","status":"passed","title":"mock fallback when flag set","duration":1.1502999999993335,"failureMessages":[],"meta":{}},{"ancestorTitles":["infrastructureApi — UC-XBOS-CC-07"],"fullName":"infrastructureApi — UC-XBOS-CC-07 infrastructureCatalogErrorMessage only on fail","status":"passed","title":"infrastructureCatalogErrorMessage only on fail","duration":1.146600000000035,"failureMessages":[],"meta":{}}],"startTime":1780719122809,"endTime":1780719122828.1465,"status":"passed","message":"","name":"C:/Users/ADMIN/OneDrive/Tài liệu/Vibe Coding/projects/xevn-ecosystem/apps/web/web-portal/src/integrations/infrastructureApi.test.ts"},{"assertionResults":[{"ancestorTitles":["legalEntityFormMapper"],"fullName":"legalEntityFormMapper maps API row and nested companyForm payload (UC-CC-03)","status":"passed","title":"maps API row and nested companyForm payload (UC-CC-03)","duration":4.446799999999712,"failureMessages":[],"meta":{}},{"ancestorTitles":["legalEntityFormMapper"],"fullName":"legalEntityFormMapper coerces charter capital from comma-separated API strings (UC-CC-03 scale)","status":"passed","title":"coerces charter capital from comma-separated API strings (UC-CC-03 scale)","duration":1.3069000000004962,"failureMessages":[],"meta":{}},{"ancestorTitles":["legalEntityFormMapper"],"fullName":"legalEntityFormMapper parses validation errors for inline form (UC-CC-04)","status":"passed","title":"parses validation errors for inline form (UC-CC-04)","duration":0.9760999999998603,"failureMessages":[],"meta":{}},{"ancestorTitles":["legalEntityFormMapper"],"fullName":"legalEntityFormMapper maps code/name validation to shortName and nameVi fields (UC-CC member save)","status":"passed","title":"maps code/name validation to shortName and nameVi fields (UC-CC member save)","duration":1.0252000000000407,"failureMessages":[],"meta":{}},{"ancestorTitles":["legalEntityFormMapper"],"fullName":"legalEntityFormMapper keeps row.code as shortName when nested shortName equals display name","status":"passed","title":"keeps row.code as shortName when nested shortName equals display name","duration":0.8301999999994223,"failureMessages":[],"meta":{}},{"ancestorTitles":["legalEntityFormMapper"],"fullName":"legalEntityFormMapper maps charter capital and generic validation messages (UC-CC-04)","status":"passed","title":"maps charter capital and generic validation messages (UC-CC-04)","duration":0.8522999999995591,"failureMessages":[],"meta":{}}],"startTime":1780719113431,"endTime":1780719113440.8523,"status":"passed","message":"","name":"C:/Users/ADMIN/OneDrive/Tài liệu/Vibe Coding/projects/xevn-ecosystem/apps/web/web-portal/src/integrations/legalEntityFormMapper.test.ts"},{"assertionResults":[{"ancestorTitles":["legalEntityIdResolver (UC-CC-03)"],"fullName":"legalEntityIdResolver (UC-CC-03) resolves holding root via entity_type holding","status":"passed","title":"resolves holding root via entity_type holding","duration":9.68159999999989,"failureMessages":[],"meta":{}},{"ancestorTitles":["legalEntityIdResolver (UC-CC-03)"],"fullName":"legalEntityIdResolver (UC-CC-03) returns null for holding root when no holding row in API list","status":"passed","title":"returns null for holding root when no holding row in API list","duration":0.4893000000001848,"failureMessages":[],"meta":{}},{"ancestorTitles":["legalEntityIdResolver (UC-CC-03)"],"fullName":"legalEntityIdResolver (UC-CC-03) matches legal-entity UUID from group-member-units","status":"passed","title":"matches legal-entity UUID from group-member-units","duration":0.3103000000000975,"failureMessages":[],"meta":{}},{"ancestorTitles":["legalEntityIdResolver (UC-CC-03)"],"fullName":"legalEntityIdResolver (UC-CC-03) maps member row when UI id is tenant_id (legacy)","status":"passed","title":"maps member row when UI id is tenant_id (legacy)","duration":1.185699999999997,"failureMessages":[],"meta":{}},{"ancestorTitles":["legalEntityIdResolver (UC-CC-03)"],"fullName":"legalEntityIdResolver (UC-CC-03) maps by tenant + code when UI id is stale","status":"passed","title":"maps by tenant + code when UI id is stale","duration":0.38629999999920983,"failureMessages":[],"meta":{}},{"ancestorTitles":["legalEntityIdResolver (UC-CC-03)"],"fullName":"legalEntityIdResolver (UC-CC-03) BR-ORG-LINK-01: feeds CompanyRaciPanel scope (resolved UUID, not tenant slug)","status":"passed","title":"BR-ORG-LINK-01: feeds CompanyRaciPanel scope (resolved UUID, not tenant slug)","duration":1.5258000000003449,"failureMessages":[],"meta":{}},{"ancestorTitles":["legalEntityIdResolver (UC-CC-03)"],"fullName":"legalEntityIdResolver (UC-CC-03) returns null for unknown slug without legal-entity seed (no 404 loop)","status":"passed","title":"returns null for unknown slug without legal-entity seed (no 404 loop)","duration":0.6458999999995285,"failureMessages":[],"meta":{}}],"startTime":1780719113587,"endTime":1780719113602.646,"status":"passed","message":"","name":"C:/Users/ADMIN/OneDrive/Tài liệu/Vibe Coding/projects/xevn-ecosystem/apps/web/web-portal/src/integrations/legalEntityIdResolver.test.ts"},{"assertionResults":[{"ancestorTitles":["normalizeLegalEntityPutBody"],"fullName":"normalizeLegalEntityPutBody lifts code/name from companyForm when top-level omitted","status":"passed","title":"lifts code/name from companyForm when top-level omitted","duration":2.347099999999955,"failureMessages":[],"meta":{}},{"ancestorTitles":["normalizeLegalEntityPutBody"],"fullName":"normalizeLegalEntityPutBody prefers companyForm.shortName over wrong top-level code (L2.5 browser save)","status":"passed","title":"prefers companyForm.shortName over wrong top-level code (L2.5 browser save)","duration":0.9717000000000553,"failureMessages":[],"meta":{}},{"ancestorTitles":["normalizeLegalEntityPutBody"],"fullName":"normalizeLegalEntityPutBody falls back to top-level code when shortName missing","status":"passed","title":"falls back to top-level code when shortName missing","duration":0.47690000000011423,"failureMessages":[],"meta":{}}],"startTime":1780719117505,"endTime":1780719117509.4768,"status":"passed","message":"","name":"C:/Users/ADMIN/OneDrive/Tài liệu/Vibe Coding/projects/xevn-ecosystem/apps/web/web-portal/src/integrations/legalEntityPutBody.test.ts"},{"assertionResults":[{"ancestorTitles":["portalAlertMappers"],"fullName":"portalAlertMappers maps workflow task to portal alert","status":"passed","title":"maps workflow task to portal alert","duration":5.513300000000072,"failureMessages":[],"meta":{}},{"ancestorTitles":["portalAlertMappers"],"fullName":"portalAlertMappers maps catalog inbox item","status":"passed","title":"maps catalog inbox item","duration":0.8556000000003223,"failureMessages":[],"meta":{}},{"ancestorTitles":["portalAlertMappers"],"fullName":"portalAlertMappers maps stored kpi-engine alert row","status":"passed","title":"maps stored kpi-engine alert row","duration":3.207100000000082,"failureMessages":[],"meta":{}},{"ancestorTitles":["portalAlertMappers"],"fullName":"portalAlertMappers sorts critical before warn before info and dedupes by id","status":"passed","title":"sorts critical before warn before info and dedupes by id","duration":1.5927999999998974,"failureMessages":[],"meta":{}}],"startTime":1780719117707,"endTime":1780719117718.5928,"status":"passed","message":"","name":"C:/Users/ADMIN/OneDrive/Tài liệu/Vibe Coding/projects/xevn-ecosystem/apps/web/web-portal/src/integrations/portalAlertMappers.test.ts"},{"assertionResults":[{"ancestorTitles":["raciGovernanceHelpers"],"fullName":"raciGovernanceHelpers normalizes RACI letters for matrix cells","status":"passed","title":"normalizes RACI letters for matrix cells","duration":2.986499999999978,"failureMessages":[],"meta":{}},{"ancestorTitles":["raciGovernanceHelpers"],"fullName":"raciGovernanceHelpers detects seed-only catalog rows","status":"passed","title":"detects seed-only catalog rows","duration":0.9081999999998516,"failureMessages":[],"meta":{}},{"ancestorTitles":["raciGovernanceHelpers"],"fullName":"raciGovernanceHelpers returns seed hint when catalog empty or seed ids","status":"passed","title":"returns seed hint when catalog empty or seed ids","duration":1.0475000000001273,"failureMessages":[],"meta":{}},{"ancestorTitles":["raciGovernanceHelpers"],"fullName":"raciGovernanceHelpers buildRaciMatrixCellBody normalizes letters for PUT","status":"passed","title":"buildRaciMatrixCellBody normalizes letters for PUT","duration":1.5341000000003078,"failureMessages":[],"meta":{}},{"ancestorTitles":["raciGovernanceHelpers"],"fullName":"raciGovernanceHelpers persists column bindings per tenant+company","status":"passed","title":"persists column bindings per tenant+company","duration":1.437800000000152,"failureMessages":[],"meta":{}}],"startTime":1780719117442,"endTime":1780719117449.4377,"status":"passed","message":"","name":"C:/Users/ADMIN/OneDrive/Tài liệu/Vibe Coding/projects/xevn-ecosystem/apps/web/web-portal/src/integrations/raciGovernanceHelpers.test.ts"},{"assertionResults":[{"ancestorTitles":["workflowEngineApi inbox decisions (P0-CRUD-06)"],"fullName":"workflowEngineApi inbox decisions (P0-CRUD-06) buildWorkflowTaskActionPayload includes hatKey and userId for approve","status":"passed","title":"buildWorkflowTaskActionPayload includes hatKey and userId for approve","duration":2.990900000000238,"failureMessages":[],"meta":{}},{"ancestorTitles":["workflowEngineApi inbox decisions (P0-CRUD-06)"],"fullName":"workflowEngineApi inbox decisions (P0-CRUD-06) buildWorkflowTaskActionPayload adds reason for reject","status":"passed","title":"buildWorkflowTaskActionPayload adds reason for reject","duration":2.036399999999958,"failureMessages":[],"meta":{}},{"ancestorTitles":["workflowEngineApi inbox decisions (P0-CRUD-06)"],"fullName":"workflowEngineApi inbox decisions (P0-CRUD-06) applyWorkflowInboxTaskDecision posts to complete when approved","status":"passed","title":"applyWorkflowInboxTaskDecision posts to complete when approved","duration":4.909799999999905,"failureMessages":[],"meta":{}},{"ancestorTitles":["workflowEngineApi inbox decisions (P0-CRUD-06)"],"fullName":"workflowEngineApi inbox decisions (P0-CRUD-06) applyWorkflowInboxTaskDecision posts to reject when rejected","status":"passed","title":"applyWorkflowInboxTaskDecision posts to reject when rejected","duration":1.4481999999998152,"failureMessages":[],"meta":{}}],"startTime":1780719117482,"endTime":1780719117493.4482,"status":"passed","message":"","name":"C:/Users/ADMIN/OneDrive/Tài liệu/Vibe Coding/projects/xevn-ecosystem/apps/web/web-portal/src/integrations/workflowEngineApi.inbox.test.ts"},{"assertionResults":[{"ancestorTitles":["workflowInstanceMapper"],"fullName":"workflowInstanceMapper maps API instance list row","status":"passed","title":"maps API instance list row","duration":2.878700000000208,"failureMessages":[],"meta":{}},{"ancestorTitles":["workflowInstanceMapper"],"fullName":"workflowInstanceMapper normalizes instance detail with tasks array","status":"passed","title":"normalizes instance detail with tasks array","duration":2.8708999999998923,"failureMessages":[],"meta":{}},{"ancestorTitles":["workflowInstanceMapper"],"fullName":"workflowInstanceMapper builds step runtime status map from tasks","status":"passed","title":"builds step runtime status map from tasks","duration":0.8204999999998108,"failureMessages":[],"meta":{}},{"ancestorTitles":["workflowInstanceMapper"],"fullName":"workflowInstanceMapper resolves runtime status by step id or order key","status":"passed","title":"resolves runtime status by step id or order key","duration":0.7719999999999345,"failureMessages":[],"meta":{}},{"ancestorTitles":["workflowInstanceMapper"],"fullName":"workflowInstanceMapper counts instances per definition","status":"passed","title":"counts instances per definition","duration":0.6195999999999913,"failureMessages":[],"meta":{}},{"ancestorTitles":["workflowInstanceMapper"],"fullName":"workflowInstanceMapper labels instance status in Vietnamese","status":"passed","title":"labels instance status in Vietnamese","duration":0.4319000000000415,"failureMessages":[],"meta":{}}],"startTime":1780719117182,"endTime":1780719117191.432,"status":"passed","message":"","name":"C:/Users/ADMIN/OneDrive/Tài liệu/Vibe Coding/projects/xevn-ecosystem/apps/web/web-portal/src/integrations/workflowInstanceMapper.test.ts"},{"assertionResults":[{"ancestorTitles":["workflowMapper"],"fullName":"workflowMapper normalizes seed inbox graph (label/action) to canvas steps","status":"passed","title":"normalizes seed inbox graph (label/action) to canvas steps","duration":4.3926000000001295,"failureMessages":[],"meta":{}},{"ancestorTitles":["workflowMapper"],"fullName":"workflowMapper normalizes catalog runtime steps (stepKey/hatKey/name)","status":"passed","title":"normalizes catalog runtime steps (stepKey/hatKey/name)","duration":1.0362999999997555,"failureMessages":[],"meta":{}},{"ancestorTitles":["workflowMapper"],"fullName":"workflowMapper chains multi-step graphs with default transitions when missing","status":"passed","title":"chains multi-step graphs with default transitions when missing","duration":0.6893000000000029,"failureMessages":[],"meta":{}},{"ancestorTitles":["workflowMapper"],"fullName":"workflowMapper extractGraphSteps accepts bare array graph (VPS seed shape)","status":"passed","title":"extractGraphSteps accepts bare array graph (VPS seed shape)","duration":0.32549999999991996,"failureMessages":[],"meta":{}},{"ancestorTitles":["workflowMapper"],"fullName":"workflowMapper apiRowToWorkflowDefinition maps graph stored as step array not {steps:[]}","status":"passed","title":"apiRowToWorkflowDefinition maps graph stored as step array not {steps:[]}","duration":0.5826999999999316,"failureMessages":[],"meta":{}},{"ancestorTitles":["workflowMapper"],"fullName":"workflowMapper apiRowToWorkflowDefinition maps roleHat on catalog runtime steps","status":"passed","title":"apiRowToWorkflowDefinition maps roleHat on catalog runtime steps","duration":0.2816000000002532,"failureMessages":[],"meta":{}},{"ancestorTitles":["workflowMapper"],"fullName":"workflowMapper apiRowToWorkflowDefinition maps workflow-engine DB row","status":"passed","title":"apiRowToWorkflowDefinition maps workflow-engine DB row","duration":0.6045999999996639,"failureMessages":[],"meta":{}},{"ancestorTitles":["workflowMapper"],"fullName":"workflowMapper round-trips canvas payload for PUT /workflow-engine/definitions/:id","status":"passed","title":"round-trips canvas payload for PUT /workflow-engine/definitions/:id","duration":1.0036000000000058,"failureMessages":[],"meta":{}}],"startTime":1780719113555,"endTime":1780719113564.0037,"status":"passed","message":"","name":"C:/Users/ADMIN/OneDrive/Tài liệu/Vibe Coding/projects/xevn-ecosystem/apps/web/web-portal/src/integrations/workflowMapper.test.ts"},{"assertionResults":[{"ancestorTitles":["xbosApiScopeRouteTable (EX-SA01-P1-04)"],"fullName":"xbosApiScopeRouteTable (EX-SA01-P1-04) normalizes proxy and absolute paths","status":"passed","title":"normalizes proxy and absolute paths","duration":2.0546999999996842,"failureMessages":[],"meta":{}},{"ancestorTitles":["xbosApiScopeRouteTable (EX-SA01-P1-04)"],"fullName":"xbosApiScopeRouteTable (EX-SA01-P1-04) classifies strict workflow/assets modules","status":"passed","title":"classifies strict workflow/assets modules","duration":0.9949000000001433,"failureMessages":[],"meta":{}},{"ancestorTitles":["xbosApiScopeRouteTable (EX-SA01-P1-04)"],"fullName":"xbosApiScopeRouteTable (EX-SA01-P1-04) classifies KPI rollup paths separately from strict evaluate-batch","status":"passed","title":"classifies KPI rollup paths separately from strict evaluate-batch","duration":0.4695000000001528,"failureMessages":[],"meta":{}},{"ancestorTitles":["xbosApiScopeRouteTable (EX-SA01-P1-04)"],"fullName":"xbosApiScopeRouteTable (EX-SA01-P1-04) classifies group legal-read surfaces","status":"passed","title":"classifies group legal-read surfaces","duration":0.4954999999999927,"failureMessages":[],"meta":{}},{"ancestorTitles":["xbosApiScopeRouteTable (EX-SA01-P1-04)"],"fullName":"xbosApiScopeRouteTable (EX-SA01-P1-04) defaults unknown paths to strict (safe)","status":"passed","title":"defaults unknown paths to strict (safe)","duration":0.29060000000026776,"failureMessages":[],"meta":{}}],"startTime":1780719117489,"endTime":1780719117494.2905,"status":"passed","message":"","name":"C:/Users/ADMIN/OneDrive/Tài liệu/Vibe Coding/projects/xevn-ecosystem/apps/web/web-portal/src/integrations/xbosApiScopeRouteTable.test.ts"},{"assertionResults":[{"ancestorTitles":["mergeRequestHeaders"],"fullName":"mergeRequestHeaders dedupes content-type and Content-Type to a single entry","status":"passed","title":"dedupes content-type and Content-Type to a single entry","duration":4.6469999999999345,"failureMessages":[],"meta":{}},{"ancestorTitles":["mergeRequestHeaders"],"fullName":"mergeRequestHeaders later layer wins for case-insensitive header keys","status":"passed","title":"later layer wins for case-insensitive header keys","duration":1.3088000000007014,"failureMessages":[],"meta":{}},{"ancestorTitles":["mergeRequestHeaders"],"fullName":"mergeRequestHeaders preserves unrelated headers from all layers (legacy duplicate casing)","status":"passed","title":"preserves unrelated headers from all layers (legacy duplicate casing)","duration":1.28899999999976,"failureMessages":[],"meta":{}},{"ancestorTitles":["xbosFetch buildHeaders integration"],"fullName":"xbosFetch buildHeaders integration sends single Content-Type when init adds Content-Type (member legal PUT path)","status":"passed","title":"sends single Content-Type when init adds Content-Type (member legal PUT path)","duration":8.649900000000343,"failureMessages":[],"meta":{}},{"ancestorTitles":["xbosFetch buildHeaders integration"],"fullName":"xbosFetch buildHeaders integration auto-adds single Content-Type on PUT when caller omits header (no auth lowercase)","status":"passed","title":"auto-adds single Content-Type on PUT when caller omits header (no auth lowercase)","duration":1.8099999999994907,"failureMessages":[],"meta":{}}],"startTime":1780719113587,"endTime":1780719113605.81,"status":"passed","message":"","name":"C:/Users/ADMIN/OneDrive/Tài liệu/Vibe Coding/projects/xevn-ecosystem/apps/web/web-portal/src/integrations/xbosHttp.test.ts"},{"assertionResults":[{"ancestorTitles":["commandCenterStrictMode"],"fullName":"commandCenterStrictMode resolveCommandCenterInboxTasks: strict mode never returns mock rows","status":"passed","title":"resolveCommandCenterInboxTasks: strict mode never returns mock rows","duration":4.845800000000054,"failureMessages":[],"meta":{}},{"ancestorTitles":["commandCenterStrictMode"],"fullName":"commandCenterStrictMode resolveCommandCenterInboxTasks: dev mock flag allows mock source rows","status":"passed","title":"resolveCommandCenterInboxTasks: dev mock flag allows mock source rows","duration":1.1413000000002285,"failureMessages":[],"meta":{}},{"ancestorTitles":["commandCenterStrictMode"],"fullName":"commandCenterStrictMode inbox strict: empty API inbox shows seed hint, not mock","status":"passed","title":"inbox strict: empty API inbox shows seed hint, not mock","duration":1.2811000000001513,"failureMessages":[],"meta":{}},{"ancestorTitles":["commandCenterStrictMode"],"fullName":"commandCenterStrictMode inbox dev mock: shows mock fallback banner when rows present","status":"passed","title":"inbox dev mock: shows mock fallback banner when rows present","duration":0.5738999999994121,"failureMessages":[],"meta":{}},{"ancestorTitles":["commandCenterStrictMode"],"fullName":"commandCenterStrictMode inbox strict: API failure surfaces loadFailed","status":"passed","title":"inbox strict: API failure surfaces loadFailed","duration":0.5402999999996609,"failureMessages":[],"meta":{}},{"ancestorTitles":["commandCenterStrictMode"],"fullName":"commandCenterStrictMode alerts strict: empty API shows loadFailed banner per UC-CC-P0-09","status":"passed","title":"alerts strict: empty API shows loadFailed banner per UC-CC-P0-09","duration":0.7703000000001339,"failureMessages":[],"meta":{}},{"ancestorTitles":["commandCenterStrictMode"],"fullName":"commandCenterStrictMode workflow definitions strict: empty API shows seed hint, not mock graph","status":"passed","title":"workflow definitions strict: empty API shows seed hint, not mock graph","duration":1.1204999999999927,"failureMessages":[],"meta":{}},{"ancestorTitles":["commandCenterStrictMode"],"fullName":"commandCenterStrictMode workflow definitions strict: API failure surfaces loadFailed","status":"passed","title":"workflow definitions strict: API failure surfaces loadFailed","duration":0.4996999999993932,"failureMessages":[],"meta":{}}],"startTime":1780719113484,"endTime":1780719113495.4998,"status":"passed","message":"","name":"C:/Users/ADMIN/OneDrive/Tài liệu/Vibe Coding/projects/xevn-ecosystem/apps/web/web-portal/src/utils/commandCenterStrictMode.test.ts"},{"assertionResults":[{"ancestorTitles":["RequireAuth — UC-ECO-SCOPE-01"],"fullName":"RequireAuth — UC-ECO-SCOPE-01 marks command-center and dashboard as protected","status":"passed","title":"marks command-center and dashboard as protected","duration":3.322400000000016,"failureMessages":[],"meta":{}},{"ancestorTitles":["RequireAuth — UC-ECO-SCOPE-01"],"fullName":"RequireAuth — UC-ECO-SCOPE-01 blocks dev bypass on protected portal paths","status":"passed","title":"blocks dev bypass on protected portal paths","duration":0.8786999999992986,"failureMessages":[],"meta":{}}],"startTime":1780719122767,"endTime":1780719122770.8787,"status":"passed","message":"","name":"C:/Users/ADMIN/OneDrive/Tài liệu/Vibe Coding/projects/xevn-ecosystem/apps/web/web-portal/src/components/auth/RequireAuth.test.ts"},{"assertionResults":[{"ancestorTitles":["ApiLoadBanner (UC-CC-P0-09 consistency)"],"fullName":"ApiLoadBanner (UC-CC-P0-09 consistency) renders info message when strict empty hint without loadFailed/mock","status":"passed","title":"renders info message when strict empty hint without loadFailed/mock","duration":56.644899999999325,"failureMessages":[],"meta":{}},{"ancestorTitles":["ApiLoadBanner (UC-CC-P0-09 consistency)"],"fullName":"ApiLoadBanner (UC-CC-P0-09 consistency) renders nothing when all flags false and no message","status":"passed","title":"renders nothing when all flags false and no message","duration":1.7962999999999738,"failureMessages":[],"meta":{}}],"startTime":1780719125758,"endTime":1780719125816.7964,"status":"passed","message":"","name":"C:/Users/ADMIN/OneDrive/Tài liệu/Vibe Coding/projects/xevn-ecosystem/apps/web/web-portal/src/components/common/ApiLoadBanner.test.tsx"},{"assertionResults":[{"ancestorTitles":["commandCenterSettingsDeepLink (EX-SA01-P1-04)"],"fullName":"commandCenterSettingsDeepLink (EX-SA01-P1-04) never encodes companyId=holding in CC settings URLs","status":"passed","title":"never encodes companyId=holding in CC settings URLs","duration":5.03230000000076,"failureMessages":[],"meta":{}},{"ancestorTitles":["commandCenterSettingsDeepLink (EX-SA01-P1-04)"],"fullName":"commandCenterSettingsDeepLink (EX-SA01-P1-04) flags legacy holding companyId query on parse","status":"passed","title":"flags legacy holding companyId query on parse","duration":2.1884000000000015,"failureMessages":[],"meta":{}}],"startTime":1780719122754,"endTime":1780719122761.1885,"status":"passed","message":"","name":"C:/Users/ADMIN/OneDrive/Tài liệu/Vibe Coding/projects/xevn-ecosystem/apps/web/web-portal/src/modules/hrm/commandCenterUrl.test.ts"},{"assertionResults":[{"ancestorTitles":["hrmApiClient (fetch mocks)"],"fullName":"hrmApiClient (fetch mocks) returns envelope data on success","status":"passed","title":"returns envelope data on success","duration":21.828599999999824,"failureMessages":[],"meta":{}},{"ancestorTitles":["hrmApiClient (fetch mocks)"],"fullName":"hrmApiClient (fetch mocks) listHrmEmployees uses main when scope hint is holding (EX-SA01-P1-03)","status":"passed","title":"listHrmEmployees uses main when scope hint is holding (EX-SA01-P1-03)","duration":3.330300000000534,"failureMessages":[],"meta":{}},{"ancestorTitles":["hrmApiClient (fetch mocks)"],"fullName":"hrmApiClient (fetch mocks) listHrmInsurance calls contracts-insurance insurance endpoint (BR-INS-01)","status":"passed","title":"listHrmInsurance calls contracts-insurance insurance endpoint (BR-INS-01)","duration":2.3320999999996275,"failureMessages":[],"meta":{}},{"ancestorTitles":["hrmApiClient (fetch mocks)"],"fullName":"hrmApiClient (fetch mocks) throws HrmApiClientError with backend code on HTTP error","status":"passed","title":"throws HrmApiClientError with backend code on HTTP error","duration":4.424600000000282,"failureMessages":[],"meta":{}},{"ancestorTitles":["hrmApiClient (fetch mocks)"],"fullName":"hrmApiClient (fetch mocks) throws NETWORK_ERROR when fetch rejects","status":"passed","title":"throws NETWORK_ERROR when fetch rejects","duration":2.964600000000246,"failureMessages":[],"meta":{}},{"ancestorTitles":["hrmApiClient (fetch mocks)"],"fullName":"hrmApiClient (fetch mocks) throws invalid envelope error when data missing (code falls back if absent)","status":"passed","title":"throws invalid envelope error when data missing (code falls back if absent)","duration":2.118899999999485,"failureMessages":[],"meta":{}},{"ancestorTitles":["hrmApiClient (fetch mocks)"],"fullName":"hrmApiClient (fetch mocks) throws TIMEOUT when fetch rejects with AbortError","status":"passed","title":"throws TIMEOUT when fetch rejects with AbortError","duration":2.768000000000029,"failureMessages":[],"meta":{}},{"ancestorTitles":["hrmApiClient (fetch mocks)"],"fullName":"hrmApiClient (fetch mocks) surfaces instances of HrmApiClientError","status":"passed","title":"surfaces instances of HrmApiClientError","duration":2.649199999999837,"failureMessages":[],"meta":{}}],"startTime":1780719113594,"endTime":1780719113637.6492,"status":"passed","message":"","name":"C:/Users/ADMIN/OneDrive/Tài liệu/Vibe Coding/projects/xevn-ecosystem/apps/web/web-portal/src/modules/hrm/hrmApiClient.test.ts"},{"assertionResults":[{"ancestorTitles":["mapCaughtFetchError"],"fullName":"mapCaughtFetchError maps AbortError to TIMEOUT","status":"passed","title":"maps AbortError to TIMEOUT","duration":4.0318999999999505,"failureMessages":[],"meta":{}},{"ancestorTitles":["mapCaughtFetchError"],"fullName":"mapCaughtFetchError maps generic fetch failure to NETWORK_ERROR with cause in details","status":"passed","title":"maps generic fetch failure to NETWORK_ERROR with cause in details","duration":1.7717000000002372,"failureMessages":[],"meta":{}},{"ancestorTitles":["mapCaughtFetchError"],"fullName":"mapCaughtFetchError maps unknown rejection without Error prototype","status":"passed","title":"maps unknown rejection without Error prototype","duration":0.9673999999999978,"failureMessages":[],"meta":{}},{"ancestorTitles":["mapFailedHttpResponse"],"fullName":"mapFailedHttpResponse uses backend code and details when present","status":"passed","title":"uses backend code and details when present","duration":0.7462999999997919,"failureMessages":[],"meta":{}},{"ancestorTitles":["mapFailedHttpResponse"],"fullName":"mapFailedHttpResponse falls back to HTTP_<status> when body omits code","status":"passed","title":"falls back to HTTP_<status> when body omits code","duration":0.6308000000003631,"failureMessages":[],"meta":{}},{"ancestorTitles":["mapInvalidSuccessEnvelope"],"fullName":"mapInvalidSuccessEnvelope uses HRM_INVALID_ENVELOPE when body is null","status":"passed","title":"uses HRM_INVALID_ENVELOPE when body is null","duration":0.8703000000000429,"failureMessages":[],"meta":{}},{"ancestorTitles":["mapInvalidSuccessEnvelope"],"fullName":"mapInvalidSuccessEnvelope preserves backend code on invalid envelope when provided","status":"passed","title":"preserves backend code on invalid envelope when provided","duration":0.43790000000035434,"failureMessages":[],"meta":{}}],"startTime":1780719117598,"endTime":1780719117610.438,"status":"passed","message":"","name":"C:/Users/ADMIN/OneDrive/Tài liệu/Vibe Coding/projects/xevn-ecosystem/apps/web/web-portal/src/modules/hrm/hrmApiErrors.test.ts"},{"assertionResults":[{"ancestorTitles":["hrmWorkspaceEmbedApi (UC-HRM-20/26)"],"fullName":"hrmWorkspaceEmbedApi (UC-HRM-20/26) maps operations summary and employee counts for dashboard","status":"passed","title":"maps operations summary and employee counts for dashboard","duration":4.045900000000074,"failureMessages":[],"meta":{}},{"ancestorTitles":["hrmWorkspaceEmbedApi (UC-HRM-20/26)"],"fullName":"hrmWorkspaceEmbedApi (UC-HRM-20/26) maps insurance API rows to BHXH embed columns (BR-INS-01 / BE-02)","status":"passed","title":"maps insurance API rows to BHXH embed columns (BR-INS-01 / BE-02)","duration":1.0904999999993379,"failureMessages":[],"meta":{}},{"ancestorTitles":["hrmWorkspaceEmbedApi (UC-HRM-20/26)"],"fullName":"hrmWorkspaceEmbedApi (UC-HRM-20/26) loads metadata queue on dashboard, employees, and decisions embed views","status":"passed","title":"loads metadata queue on dashboard, employees, and decisions embed views","duration":0.9137000000000626,"failureMessages":[],"meta":{}}],"startTime":1780719122155,"endTime":1780719122160.9138,"status":"passed","message":"","name":"C:/Users/ADMIN/OneDrive/Tài liệu/Vibe Coding/projects/xevn-ecosystem/apps/web/web-portal/src/modules/hrm/hrmWorkspaceEmbedApi.test.ts"},{"assertionResults":[{"ancestorTitles":["formatHrmMetadataQueueError"],"fullName":"formatHrmMetadataQueueError formats ScopeContextError with SCOPE_* code","status":"passed","title":"formats ScopeContextError with SCOPE_* code","duration":2.0583999999998923,"failureMessages":[],"meta":{}},{"ancestorTitles":["formatHrmMetadataQueueError"],"fullName":"formatHrmMetadataQueueError formats HrmApiClientError with code and JSON details","status":"passed","title":"formats HrmApiClientError with code and JSON details","duration":1.6075999999993655,"failureMessages":[],"meta":{}},{"ancestorTitles":["formatHrmMetadataQueueError"],"fullName":"formatHrmMetadataQueueError returns fallback for unknown errors","status":"passed","title":"returns fallback for unknown errors","duration":0.5414000000000669,"failureMessages":[],"meta":{}}],"startTime":1780719121725,"endTime":1780719121729.5415,"status":"passed","message":"","name":"C:/Users/ADMIN/OneDrive/Tài liệu/Vibe Coding/projects/xevn-ecosystem/apps/web/web-portal/src/modules/hrm/hrmWorkspaceErrorText.test.ts"},{"assertionResults":[{"ancestorTitles":["hrmProxyPath (Command Center embed)"],"fullName":"hrmProxyPath (Command Center embed) maps pilot views to /hr paths with portal scope query","status":"passed","title":"maps pilot views to /hr paths with portal scope query","duration":7.682300000000396,"failureMessages":[],"meta":{}},{"ancestorTitles":["hrmProxyPath (Command Center embed)"],"fullName":"hrmProxyPath (Command Center embed) maps holding embed hint to main in iframe query (EX-SA01-P1-03)","status":"passed","title":"maps holding embed hint to main in iframe query (EX-SA01-P1-03)","duration":0.8795000000000073,"failureMessages":[],"meta":{}},{"ancestorTitles":["hrmProxyPath (Command Center embed)"],"fullName":"hrmProxyPath (Command Center embed) maps tenant slug mistaken as companyId to main in iframe query (HTTPS pilot)","status":"passed","title":"maps tenant slug mistaken as companyId to main in iframe query (HTTPS pilot)","duration":0.5213000000003376,"failureMessages":[],"meta":{}},{"ancestorTitles":["hrmProxyPath (Command Center embed)"],"fullName":"hrmProxyPath (Command Center embed) omits companyId when scope is all","status":"passed","title":"omits companyId when scope is all","duration":0.38879999999971915,"failureMessages":[],"meta":{}},{"ancestorTitles":["hrmProxyPath (Command Center embed)"],"fullName":"hrmProxyPath (Command Center embed) exposes command-center base for workspace routes","status":"passed","title":"exposes command-center base for workspace routes","duration":1.5379000000002634,"failureMessages":[],"meta":{}},{"ancestorTitles":["hrmProxyPath (Command Center embed)"],"fullName":"hrmProxyPath (Command Center embed) hrmAppPath prefers same-origin /hr without default :8080 origin","status":"passed","title":"hrmAppPath prefers same-origin /hr without default :8080 origin","duration":0.7574000000004162,"failureMessages":[],"meta":{}},{"ancestorTitles":["hrmProxyPath (Command Center embed)"],"fullName":"hrmProxyPath (Command Center embed) dashboard iframe uses /hr/ trailing slash (Vite base)","status":"passed","title":"dashboard iframe uses /hr/ trailing slash (Vite base)","duration":1.0160000000005311,"failureMessages":[],"meta":{}},{"ancestorTitles":["hrmProxyPath (Command Center embed)"],"fullName":"hrmProxyPath (Command Center embed) member CEO iframe carries xe-du-lich tenant + main company (C-MEMCC-01)","status":"passed","title":"member CEO iframe carries xe-du-lich tenant + main company (C-MEMCC-01)","duration":0.6050999999997657,"failureMessages":[],"meta":{}},{"ancestorTitles":["hrmProxyPath (Command Center embed)"],"fullName":"hrmProxyPath (Command Center embed) supports deep link employees/:id via suffix","status":"passed","title":"supports deep link employees/:id via suffix","duration":0.766500000000633,"failureMessages":[],"meta":{}}],"startTime":1780719113575,"endTime":1780719113589.7666,"status":"passed","message":"","name":"C:/Users/ADMIN/OneDrive/Tài liệu/Vibe Coding/projects/xevn-ecosystem/apps/web/web-portal/src/modules/hrm/paths.test.ts"},{"assertionResults":[{"ancestorTitles":["portalEmbedSessionBridge (parent)"],"fullName":"portalEmbedSessionBridge (parent) postPortalEmbedSession sends push message to iframe window","status":"passed","title":"postPortalEmbedSession sends push message to iframe window","duration":17.08730000000014,"failureMessages":[],"meta":{}},{"ancestorTitles":["portalEmbedSessionBridge (parent)"],"fullName":"portalEmbedSessionBridge (parent) returns false when no valid portal session","status":"passed","title":"returns false when no valid portal session","duration":1.725500000000011,"failureMessages":[],"meta":{}},{"ancestorTitles":["portalEmbedSessionBridge (parent)"],"fullName":"portalEmbedSessionBridge (parent) exports request message type for iframe handshake","status":"passed","title":"exports request message type for iframe handshake","duration":0.8587000000002263,"failureMessages":[],"meta":{}}],"startTime":1780719121111,"endTime":1780719121131.8586,"status":"passed","message":"","name":"C:/Users/ADMIN/OneDrive/Tài liệu/Vibe Coding/projects/xevn-ecosystem/apps/web/web-portal/src/modules/hrm/portalEmbedSessionBridge.test.ts"},{"assertionResults":[{"ancestorTitles":["WorkflowTaskDetailDrawer"],"fullName":"WorkflowTaskDetailDrawer UC-CC-P0-06: renders instance id and workflow steps from normalized detail","status":"passed","title":"UC-CC-P0-06: renders instance id and workflow steps from normalized detail","duration":121.8760000000002,"failureMessages":[],"meta":{}},{"ancestorTitles":["WorkflowTaskDetailDrawer"],"fullName":"WorkflowTaskDetailDrawer shows load failure when detail API returns empty","status":"passed","title":"shows load failure when detail API returns empty","duration":117.8127000000004,"failureMessages":[],"meta":{}},{"ancestorTitles":["WorkflowTaskDetailDrawer"],"fullName":"WorkflowTaskDetailDrawer blocks complete actions when inbox not from API","status":"passed","title":"blocks complete actions when inbox not from API","duration":113.3664000000008,"failureMessages":[],"meta":{}}],"startTime":1780719121755,"endTime":1780719122109.3665,"status":"passed","message":"","name":"C:/Users/ADMIN/OneDrive/Tài liệu/Vibe Coding/projects/xevn-ecosystem/apps/web/web-portal/src/pages/command-center/WorkflowTaskDetailDrawer.test.tsx"}]}