{"numFailedTestSuites":0,"numFailedTests":0,"numPassedTestSuites":45,"numPassedTests":245,"numPendingTestSuites":0,"numPendingTests":0,"numRuntimeErrorTestSuites":0,"numTodoTests":0,"numTotalTestSuites":45,"numTotalTests":245,"openHandles":[],"snapshot":{"added":0,"didUpdate":false,"failure":false,"filesAdded":0,"filesRemoved":0,"filesRemovedList":[],"filesUnmatched":0,"filesUpdated":0,"matched":0,"total":0,"unchecked":0,"uncheckedKeysByFile":[],"unmatched":0,"updated":0},"startTime":1780719100475,"success":true,"testResults":[{"assertionResults":[{"ancestorTitles":["BusinessMasterController (UC-XBOS-08 / MD)"],"duration":42,"failing":false,"failureDetails":[],"failureMessages":[],"fullName":"BusinessMasterController (UC-XBOS-08 / MD) UC-XBOS-MD-01 UC-XBOS-MD-02 UC-XBOS-MD-03 UC-XBOS-MD-04 UC-XBOS-MD-05 UC-XBOS-MD-06 UC-XBOS-MD-07: list domain catalog with tenant+company scope","invocations":1,"location":null,"numPassingAsserts":3,"retryReasons":[],"startAt":1780719103903,"status":"passed","title":"UC-XBOS-MD-01 UC-XBOS-MD-02 UC-XBOS-MD-03 UC-XBOS-MD-04 UC-XBOS-MD-05 UC-XBOS-MD-06 UC-XBOS-MD-07: list domain catalog with tenant+company scope"},{"ancestorTitles":["BusinessMasterController (UC-XBOS-08 / MD)"],"duration":11,"failing":false,"failureDetails":[],"failureMessages":[],"fullName":"BusinessMasterController (UC-XBOS-08 / MD) UC-ECO-MASTER-01: :domain shortcut resolves literal domains to catalog","invocations":1,"location":null,"numPassingAsserts":3,"retryReasons":[],"startAt":1780719103947,"status":"passed","title":"UC-ECO-MASTER-01: :domain shortcut resolves literal domains to catalog"},{"ancestorTitles":["BusinessMasterController (UC-XBOS-08 / MD)"],"duration":33,"failing":false,"failureDetails":[],"failureMessages":[],"fullName":"BusinessMasterController (UC-XBOS-08 / MD) UC-ECO-MASTER-01: rejects domains list without scope","invocations":1,"location":null,"numPassingAsserts":1,"retryReasons":[],"startAt":1780719103958,"status":"passed","title":"UC-ECO-MASTER-01: rejects domains list without scope"},{"ancestorTitles":["BusinessMasterController (UC-XBOS-08 / MD)"],"duration":6,"failing":false,"failureDetails":[],"failureMessages":[],"fullName":"BusinessMasterController (UC-XBOS-08 / MD) UC-ECO-MASTER-01 / SRS §8.1: rejects domains list without companyId","invocations":1,"location":null,"numPassingAsserts":1,"retryReasons":[],"startAt":1780719103991,"status":"passed","title":"UC-ECO-MASTER-01 / SRS §8.1: rejects domains list without companyId"},{"ancestorTitles":["BusinessMasterController (UC-XBOS-08 / MD)"],"duration":12,"failing":false,"failureDetails":[],"failureMessages":[],"fullName":"BusinessMasterController (UC-XBOS-08 / MD) UC-ECO-MASTER-01 / SRS §8.1: group CEO JWT main maps read scope to holding","invocations":1,"location":null,"numPassingAsserts":4,"retryReasons":[],"startAt":1780719103998,"status":"passed","title":"UC-ECO-MASTER-01 / SRS §8.1: group CEO JWT main maps read scope to holding"},{"ancestorTitles":["BusinessMasterController (UC-XBOS-08 / MD)"],"duration":7,"failing":false,"failureDetails":[],"failureMessages":[],"fullName":"BusinessMasterController (UC-XBOS-08 / MD) UC-ECO-MASTER-01 / SRS §8.1: group CEO JWT main lists vendors under holding partition","invocations":1,"location":null,"numPassingAsserts":4,"retryReasons":[],"startAt":1780719104010,"status":"passed","title":"UC-ECO-MASTER-01 / SRS §8.1: group CEO JWT main lists vendors under holding partition"},{"ancestorTitles":["BusinessMasterController (UC-XBOS-08 / MD)"],"duration":10,"failing":false,"failureDetails":[],"failureMessages":[],"fullName":"BusinessMasterController (UC-XBOS-08 / MD) UC-ECO-MASTER-01 / SRS §8.1: rejects list when JWT holding scope mismatches query main","invocations":1,"location":null,"numPassingAsserts":2,"retryReasons":[],"startAt":1780719104017,"status":"passed","title":"UC-ECO-MASTER-01 / SRS §8.1: rejects list when JWT holding scope mismatches query main"},{"ancestorTitles":["BusinessMasterController (UC-XBOS-08 / MD)"],"duration":5,"failing":false,"failureDetails":[],"failureMessages":[],"fullName":"BusinessMasterController (UC-XBOS-08 / MD) UC-ECO-MASTER-01 / SRS §8.1: rejects list when JWT tenant mismatches query tenant","invocations":1,"location":null,"numPassingAsserts":2,"retryReasons":[],"startAt":1780719104027,"status":"passed","title":"UC-ECO-MASTER-01 / SRS §8.1: rejects list when JWT tenant mismatches query tenant"},{"ancestorTitles":["BusinessMasterController (UC-XBOS-08 / MD)"],"duration":6,"failing":false,"failureDetails":[],"failureMessages":[],"fullName":"BusinessMasterController (UC-XBOS-08 / MD) UC-XBOS-08: list domain items with internal key","invocations":1,"location":null,"numPassingAsserts":2,"retryReasons":[],"startAt":1780719104032,"status":"passed","title":"UC-XBOS-08: list domain items with internal key"},{"ancestorTitles":["BusinessMasterController (UC-XBOS-08 / MD)"],"duration":22,"failing":false,"failureDetails":[],"failureMessages":[],"fullName":"BusinessMasterController (UC-XBOS-08 / MD) UC-XBOS-08: accepts departments domain path (resolved in service)","invocations":1,"location":null,"numPassingAsserts":2,"retryReasons":[],"startAt":1780719104039,"status":"passed","title":"UC-XBOS-08: accepts departments domain path (resolved in service)"},{"ancestorTitles":["BusinessMasterController (UC-XBOS-08 / MD)"],"duration":6,"failing":false,"failureDetails":[],"failureMessages":[],"fullName":"BusinessMasterController (UC-XBOS-08 / MD) rejects list without internal auth","invocations":1,"location":null,"numPassingAsserts":1,"retryReasons":[],"startAt":1780719104061,"status":"passed","title":"rejects list without internal auth"}],"endTime":1780719104070,"message":"","name":"C:\\Users\\ADMIN\\OneDrive\\Tài liệu\\Vibe Coding\\projects\\xevn-ecosystem\\apps\\api\\xbos-api\\src\\business-master\\business-master.controller.spec.ts","startTime":1780719101652,"status":"passed","summary":""},{"assertionResults":[{"ancestorTitles":["RaciGovernanceController (P1-FIX-RACI-SCOPE-01)"],"duration":32,"failing":false,"failureDetails":[],"failureMessages":[],"fullName":"RaciGovernanceController (P1-FIX-RACI-SCOPE-01) UC-RACI-01 UC-RACI-05: list RACI catalog version returns XBOS-RACI-200","invocations":1,"location":null,"numPassingAsserts":2,"retryReasons":[],"startAt":1780719104143,"status":"passed","title":"UC-RACI-01 UC-RACI-05: list RACI catalog version returns XBOS-RACI-200"},{"ancestorTitles":["RaciGovernanceController (P1-FIX-RACI-SCOPE-01)"],"duration":9,"failing":false,"failureDetails":[],"failureMessages":[],"fullName":"RaciGovernanceController (P1-FIX-RACI-SCOPE-01) UC-RACI-02: loads matrix for companies/main under group CEO JWT","invocations":1,"location":null,"numPassingAsserts":3,"retryReasons":[],"startAt":1780719104176,"status":"passed","title":"UC-RACI-02: loads matrix for companies/main under group CEO JWT"},{"ancestorTitles":["RaciGovernanceController (P1-FIX-RACI-SCOPE-01)"],"duration":6,"failing":false,"failureDetails":[],"failureMessages":[],"fullName":"RaciGovernanceController (P1-FIX-RACI-SCOPE-01) UC-RACI-02: loads matrix for member legal-entity UUID under group CEO JWT (C-QC02-04)","invocations":1,"location":null,"numPassingAsserts":3,"retryReasons":[],"startAt":1780719104186,"status":"passed","title":"UC-RACI-02: loads matrix for member legal-entity UUID under group CEO JWT (C-QC02-04)"},{"ancestorTitles":["RaciGovernanceController (P1-FIX-RACI-SCOPE-01)"],"duration":10,"failing":false,"failureDetails":[],"failureMessages":[],"fullName":"RaciGovernanceController (P1-FIX-RACI-SCOPE-01) rejects member UUID matrix when partition tenant mismatches member CEO JWT","invocations":1,"location":null,"numPassingAsserts":2,"retryReasons":[],"startAt":1780719104193,"status":"passed","title":"rejects member UUID matrix when partition tenant mismatches member CEO JWT"},{"ancestorTitles":["RaciGovernanceController (P1-FIX-RACI-SCOPE-01)"],"duration":6,"failing":false,"failureDetails":[],"failureMessages":[],"fullName":"RaciGovernanceController (P1-FIX-RACI-SCOPE-01) UC-RACI-03: list capabilities returns XBOS-RACI-200","invocations":1,"location":null,"numPassingAsserts":2,"retryReasons":[],"startAt":1780719104204,"status":"passed","title":"UC-RACI-03: list capabilities returns XBOS-RACI-200"},{"ancestorTitles":["RaciGovernanceController (P1-FIX-RACI-SCOPE-01)"],"duration":9,"failing":false,"failureDetails":[],"failureMessages":[],"fullName":"RaciGovernanceController (P1-FIX-RACI-SCOPE-01) UC-RACI-04: upsert matrix cell uses resolved member partition + UUID company key","invocations":1,"location":null,"numPassingAsserts":2,"retryReasons":[],"startAt":1780719104210,"status":"passed","title":"UC-RACI-04: upsert matrix cell uses resolved member partition + UUID company key"},{"ancestorTitles":["RaciGovernanceController (P1-FIX-RACI-SCOPE-01)"],"duration":3,"failing":false,"failureDetails":[],"failureMessages":[],"fullName":"RaciGovernanceController (P1-FIX-RACI-SCOPE-01) UC-RACI-06: coverage report returns XBOS-RACI-200","invocations":1,"location":null,"numPassingAsserts":2,"retryReasons":[],"startAt":1780719104219,"status":"passed","title":"UC-RACI-06: coverage report returns XBOS-RACI-200"},{"ancestorTitles":["RaciGovernanceController (P1-FIX-RACI-SCOPE-01)"],"duration":4,"failing":false,"failureDetails":[],"failureMessages":[],"fullName":"RaciGovernanceController (P1-FIX-RACI-SCOPE-01) returns 404 when legal-entity UUID is unknown","invocations":1,"location":null,"numPassingAsserts":1,"retryReasons":[],"startAt":1780719104223,"status":"passed","title":"returns 404 when legal-entity UUID is unknown"}],"endTime":1780719104230,"message":"","name":"C:\\Users\\ADMIN\\OneDrive\\Tài liệu\\Vibe Coding\\projects\\xevn-ecosystem\\apps\\api\\xbos-api\\src\\raci-governance\\raci-governance.controller.spec.ts","startTime":1780719101595,"status":"passed","summary":""},{"assertionResults":[{"ancestorTitles":["KpiEngineController"],"duration":74,"failing":false,"failureDetails":[],"failureMessages":[],"fullName":"KpiEngineController rejects evaluate without auth","invocations":1,"location":null,"numPassingAsserts":2,"retryReasons":[],"startAt":1780719104042,"status":"passed","title":"rejects evaluate without auth"},{"ancestorTitles":["KpiEngineController"],"duration":5,"failing":false,"failureDetails":[],"failureMessages":[],"fullName":"KpiEngineController returns XBOS-KPI-200 for evaluate with internal key","invocations":1,"location":null,"numPassingAsserts":2,"retryReasons":[],"startAt":1780719104117,"status":"passed","title":"returns XBOS-KPI-200 for evaluate with internal key"},{"ancestorTitles":["KpiEngineController"],"duration":4,"failing":false,"failureDetails":[],"failureMessages":[],"fullName":"KpiEngineController returns XBOS-KPI-201 for evaluate-batch","invocations":1,"location":null,"numPassingAsserts":1,"retryReasons":[],"startAt":1780719104123,"status":"passed","title":"returns XBOS-KPI-201 for evaluate-batch"},{"ancestorTitles":["KpiEngineController"],"duration":17,"failing":false,"failureDetails":[],"failureMessages":[],"fullName":"KpiEngineController rejects rollup scope mismatch before service (holding JWT vs main query)","invocations":1,"location":null,"numPassingAsserts":2,"retryReasons":[],"startAt":1780719104128,"status":"passed","title":"rejects rollup scope mismatch before service (holding JWT vs main query)"},{"ancestorTitles":["KpiEngineController"],"duration":8,"failing":false,"failureDetails":[],"failureMessages":[],"fullName":"KpiEngineController rollup allows group CEO JWT main with holding query (view-completeness)","invocations":1,"location":null,"numPassingAsserts":1,"retryReasons":[],"startAt":1780719104145,"status":"passed","title":"rollup allows group CEO JWT main with holding query (view-completeness)"},{"ancestorTitles":["KpiEngineController"],"duration":5,"failing":false,"failureDetails":[],"failureMessages":[],"fullName":"KpiEngineController rollup allows group CEO with portal tenantId=main and holding query (HTTPS J-CC-03)","invocations":1,"location":null,"numPassingAsserts":1,"retryReasons":[],"startAt":1780719104153,"status":"passed","title":"rollup allows group CEO with portal tenantId=main and holding query (HTTPS J-CC-03)"},{"ancestorTitles":["KpiEngineController"],"duration":4,"failing":false,"failureDetails":[],"failureMessages":[],"fullName":"KpiEngineController rollup passes JWT-aligned holding scope to service","invocations":1,"location":null,"numPassingAsserts":1,"retryReasons":[],"startAt":1780719104158,"status":"passed","title":"rollup passes JWT-aligned holding scope to service"},{"ancestorTitles":["KpiEngineController"],"duration":4,"failing":false,"failureDetails":[],"failureMessages":[],"fullName":"KpiEngineController rollup passes JWT-aligned main scope to service","invocations":1,"location":null,"numPassingAsserts":1,"retryReasons":[],"startAt":1780719104163,"status":"passed","title":"rollup passes JWT-aligned main scope to service"},{"ancestorTitles":["KpiEngineController"],"duration":5,"failing":false,"failureDetails":[],"failureMessages":[],"fullName":"KpiEngineController UC-XBOS-DASH-01 UC-XBOS-DASH-02: executive KPI rollup returns XBOS-KPI-202","invocations":1,"location":null,"numPassingAsserts":1,"retryReasons":[],"startAt":1780719104167,"status":"passed","title":"UC-XBOS-DASH-01 UC-XBOS-DASH-02: executive KPI rollup returns XBOS-KPI-202"},{"ancestorTitles":["KpiEngineController"],"duration":36,"failing":false,"failureDetails":[],"failureMessages":[],"fullName":"KpiEngineController UC-XBOS-CC-05 UC-XBOS-DASH-03: portal alerts and KPI policy list returns XBOS-KPI-203","invocations":1,"location":null,"numPassingAsserts":2,"retryReasons":[],"startAt":1780719104172,"status":"passed","title":"UC-XBOS-CC-05 UC-XBOS-DASH-03: portal alerts and KPI policy list returns XBOS-KPI-203"},{"ancestorTitles":["KpiEngineController"],"duration":4,"failing":false,"failureDetails":[],"failureMessages":[],"fullName":"KpiEngineController publishes portal alert with scoped company (UC-XBOS-KPI-04)","invocations":1,"location":null,"numPassingAsserts":2,"retryReasons":[],"startAt":1780719104208,"status":"passed","title":"publishes portal alert with scoped company (UC-XBOS-KPI-04)"},{"ancestorTitles":["KpiEngineController"],"duration":20,"failing":false,"failureDetails":[],"failureMessages":[],"fullName":"KpiEngineController rejects publish portal alert when JWT main drifts to holding query","invocations":1,"location":null,"numPassingAsserts":2,"retryReasons":[],"startAt":1780719104212,"status":"passed","title":"rejects publish portal alert when JWT main drifts to holding query"}],"endTime":1780719104235,"message":"","name":"C:\\Users\\ADMIN\\OneDrive\\Tài liệu\\Vibe Coding\\projects\\xevn-ecosystem\\apps\\api\\xbos-api\\src\\kpi-engine\\kpi-engine.controller.spec.ts","startTime":1780719101673,"status":"passed","summary":""},{"assertionResults":[{"ancestorTitles":["WorkflowEngineController (UC-XBOS-WF)"],"duration":37,"failing":false,"failureDetails":[],"failureMessages":[],"fullName":"WorkflowEngineController (UC-XBOS-WF) rejects unauthenticated task list","invocations":1,"location":null,"numPassingAsserts":2,"retryReasons":[],"startAt":1780719104099,"status":"passed","title":"rejects unauthenticated task list"},{"ancestorTitles":["WorkflowEngineController (UC-XBOS-WF)"],"duration":13,"failing":false,"failureDetails":[],"failureMessages":[],"fullName":"WorkflowEngineController (UC-XBOS-WF) UC-XBOS-WF-01: creates workflow definition on canvas","invocations":1,"location":null,"numPassingAsserts":2,"retryReasons":[],"startAt":1780719104137,"status":"passed","title":"UC-XBOS-WF-01: creates workflow definition on canvas"},{"ancestorTitles":["WorkflowEngineController (UC-XBOS-WF)"],"duration":9,"failing":false,"failureDetails":[],"failureMessages":[],"fullName":"WorkflowEngineController (UC-XBOS-WF) UC-XBOS-13: updates definition with steps via PUT","invocations":1,"location":null,"numPassingAsserts":2,"retryReasons":[],"startAt":1780719104150,"status":"passed","title":"UC-XBOS-13: updates definition with steps via PUT"},{"ancestorTitles":["WorkflowEngineController (UC-XBOS-WF)"],"duration":8,"failing":false,"failureDetails":[],"failureMessages":[],"fullName":"WorkflowEngineController (UC-XBOS-WF) W3-5: PUT definition accepts graph-only body (portal probe shape)","invocations":1,"location":null,"numPassingAsserts":2,"retryReasons":[],"startAt":1780719104159,"status":"passed","title":"W3-5: PUT definition accepts graph-only body (portal probe shape)"},{"ancestorTitles":["WorkflowEngineController (UC-XBOS-WF)"],"duration":19,"failing":false,"failureDetails":[],"failureMessages":[],"fullName":"WorkflowEngineController (UC-XBOS-WF) UC-XBOS-CC-06: persists canvas graph payload on definition save","invocations":1,"location":null,"numPassingAsserts":1,"retryReasons":[],"startAt":1780719104167,"status":"passed","title":"UC-XBOS-CC-06: persists canvas graph payload on definition save"},{"ancestorTitles":["WorkflowEngineController (UC-XBOS-WF)"],"duration":11,"failing":false,"failureDetails":[],"failureMessages":[],"fullName":"WorkflowEngineController (UC-XBOS-WF) UC-XBOS-14: lists running workflow instances","invocations":1,"location":null,"numPassingAsserts":2,"retryReasons":[],"startAt":1780719104186,"status":"passed","title":"UC-XBOS-14: lists running workflow instances"},{"ancestorTitles":["WorkflowEngineController (UC-XBOS-WF)"],"duration":4,"failing":false,"failureDetails":[],"failureMessages":[],"fullName":"WorkflowEngineController (UC-XBOS-WF) UC-XBOS-15: lists reporting routes with scope","invocations":1,"location":null,"numPassingAsserts":2,"retryReasons":[],"startAt":1780719104198,"status":"passed","title":"UC-XBOS-15: lists reporting routes with scope"},{"ancestorTitles":["WorkflowEngineController (UC-XBOS-WF)"],"duration":5,"failing":false,"failureDetails":[],"failureMessages":[],"fullName":"WorkflowEngineController (UC-XBOS-WF) UC-XBOS-15: upserts reporting route configuration","invocations":1,"location":null,"numPassingAsserts":2,"retryReasons":[],"startAt":1780719104203,"status":"passed","title":"UC-XBOS-15: upserts reporting route configuration"},{"ancestorTitles":["WorkflowEngineController (UC-XBOS-WF)"],"duration":8,"failing":false,"failureDetails":[],"failureMessages":[],"fullName":"WorkflowEngineController (UC-XBOS-WF) rejects scope mismatch on definition list","invocations":1,"location":null,"numPassingAsserts":2,"retryReasons":[],"startAt":1780719104211,"status":"passed","title":"rejects scope mismatch on definition list"},{"ancestorTitles":["WorkflowEngineController (UC-XBOS-WF)"],"duration":4,"failing":false,"failureDetails":[],"failureMessages":[],"fullName":"WorkflowEngineController (UC-XBOS-WF) UC-XBOS-WF-02: lists workflow definitions with scope","invocations":1,"location":null,"numPassingAsserts":2,"retryReasons":[],"startAt":1780719104219,"status":"passed","title":"UC-XBOS-WF-02: lists workflow definitions with scope"},{"ancestorTitles":["WorkflowEngineController (UC-XBOS-WF)"],"duration":4,"failing":false,"failureDetails":[],"failureMessages":[],"fullName":"WorkflowEngineController (UC-XBOS-WF) UC-XBOS-WF-03: starts workflow instance","invocations":1,"location":null,"numPassingAsserts":2,"retryReasons":[],"startAt":1780719104223,"status":"passed","title":"UC-XBOS-WF-03: starts workflow instance"},{"ancestorTitles":["WorkflowEngineController (UC-XBOS-WF)"],"duration":3,"failing":false,"failureDetails":[],"failureMessages":[],"fullName":"WorkflowEngineController (UC-XBOS-WF) UC-XBOS-WF-04: completes step task","invocations":1,"location":null,"numPassingAsserts":2,"retryReasons":[],"startAt":1780719104227,"status":"passed","title":"UC-XBOS-WF-04: completes step task"},{"ancestorTitles":["WorkflowEngineController (UC-XBOS-WF)"],"duration":3,"failing":false,"failureDetails":[],"failureMessages":[],"fullName":"WorkflowEngineController (UC-XBOS-WF) UC-XBOS-WF-05: loads instance detail","invocations":1,"location":null,"numPassingAsserts":2,"retryReasons":[],"startAt":1780719104230,"status":"passed","title":"UC-XBOS-WF-05: loads instance detail"},{"ancestorTitles":["WorkflowEngineController (UC-XBOS-WF)"],"duration":2,"failing":false,"failureDetails":[],"failureMessages":[],"fullName":"WorkflowEngineController (UC-XBOS-WF) UC-XBOS-WF-06: rejects step task","invocations":1,"location":null,"numPassingAsserts":2,"retryReasons":[],"startAt":1780719104233,"status":"passed","title":"UC-XBOS-WF-06: rejects step task"},{"ancestorTitles":["WorkflowEngineController (UC-XBOS-WF)"],"duration":3,"failing":false,"failureDetails":[],"failureMessages":[],"fullName":"WorkflowEngineController (UC-XBOS-WF) UC-CC-P0-06: lists pending inbox tasks","invocations":1,"location":null,"numPassingAsserts":2,"retryReasons":[],"startAt":1780719104235,"status":"passed","title":"UC-CC-P0-06: lists pending inbox tasks"}],"endTime":1780719104240,"message":"","name":"C:\\Users\\ADMIN\\OneDrive\\Tài liệu\\Vibe Coding\\projects\\xevn-ecosystem\\apps\\api\\xbos-api\\src\\workflow-engine\\workflow-engine.controller.spec.ts","startTime":1780719101618,"status":"passed","summary":""},{"assertionResults":[{"ancestorTitles":["PositionRbacController (UC-XBOS-11/12, ADR scope)"],"duration":42,"failing":false,"failureDetails":[],"failureMessages":[],"fullName":"PositionRbacController (UC-XBOS-11/12, ADR scope) rejects unauthenticated template list","invocations":1,"location":null,"numPassingAsserts":2,"retryReasons":[],"startAt":1780719104148,"status":"passed","title":"rejects unauthenticated template list"},{"ancestorTitles":["PositionRbacController (UC-XBOS-11/12, ADR scope)"],"duration":18,"failing":false,"failureDetails":[],"failureMessages":[],"fullName":"PositionRbacController (UC-XBOS-11/12, ADR scope) UC-CC-P0-04: lists templates with tenant-only scope (no companyId gate)","invocations":1,"location":null,"numPassingAsserts":2,"retryReasons":[],"startAt":1780719104191,"status":"passed","title":"UC-CC-P0-04: lists templates with tenant-only scope (no companyId gate)"},{"ancestorTitles":["PositionRbacController (UC-XBOS-11/12, ADR scope)"],"duration":8,"failing":false,"failureDetails":[],"failureMessages":[],"fullName":"PositionRbacController (UC-XBOS-11/12, ADR scope) rejects assignments when JWT main mismatches header holding","invocations":1,"location":null,"numPassingAsserts":2,"retryReasons":[],"startAt":1780719104209,"status":"passed","title":"rejects assignments when JWT main mismatches header holding"},{"ancestorTitles":["PositionRbacController (UC-XBOS-11/12, ADR scope)"],"duration":5,"failing":false,"failureDetails":[],"failureMessages":[],"fullName":"PositionRbacController (UC-XBOS-11/12, ADR scope) lists assignments when JWT and headers align on main","invocations":1,"location":null,"numPassingAsserts":2,"retryReasons":[],"startAt":1780719104217,"status":"passed","title":"lists assignments when JWT and headers align on main"},{"ancestorTitles":["PositionRbacController (UC-XBOS-11/12, ADR scope)"],"duration":7,"failing":false,"failureDetails":[],"failureMessages":[],"fullName":"PositionRbacController (UC-XBOS-11/12, ADR scope) loads permission matrix with tenant-only scope","invocations":1,"location":null,"numPassingAsserts":2,"retryReasons":[],"startAt":1780719104222,"status":"passed","title":"loads permission matrix with tenant-only scope"},{"ancestorTitles":["PositionRbacController (UC-XBOS-11/12, ADR scope)"],"duration":6,"failing":false,"failureDetails":[],"failureMessages":[],"fullName":"PositionRbacController (UC-XBOS-11/12, ADR scope) UC-XBOS-12: grants assignment and checks permission conflicts","invocations":1,"location":null,"numPassingAsserts":4,"retryReasons":[],"startAt":1780719104230,"status":"passed","title":"UC-XBOS-12: grants assignment and checks permission conflicts"},{"ancestorTitles":["PositionRbacController (UC-XBOS-11/12, ADR scope)"],"duration":4,"failing":false,"failureDetails":[],"failureMessages":[],"fullName":"PositionRbacController (UC-XBOS-11/12, ADR scope) requires roleId for matrix GET","invocations":1,"location":null,"numPassingAsserts":2,"retryReasons":[],"startAt":1780719104236,"status":"passed","title":"requires roleId for matrix GET"}],"endTime":1780719104245,"message":"","name":"C:\\Users\\ADMIN\\OneDrive\\Tài liệu\\Vibe Coding\\projects\\xevn-ecosystem\\apps\\api\\xbos-api\\src\\position-rbac\\position-rbac.controller.spec.ts","startTime":1780719101654,"status":"passed","summary":""},{"assertionResults":[{"ancestorTitles":["AssetsController+Service live create path"],"duration":38,"failing":false,"failureDetails":[],"failureMessages":[],"fullName":"AssetsController+Service live create path maps DB unique_violation to ASSET-REG-409 with field-aware details","invocations":1,"location":null,"numPassingAsserts":2,"retryReasons":[],"startAt":1780719104683,"status":"passed","title":"maps DB unique_violation to ASSET-REG-409 with field-aware details"},{"ancestorTitles":["AssetsController+Service live create path"],"duration":9,"failing":false,"failureDetails":[],"failureMessages":[],"fullName":"AssetsController+Service live create path proves reject branch keeps DB state immutable before/after duplicate create","invocations":1,"location":null,"numPassingAsserts":3,"retryReasons":[],"startAt":1780719104723,"status":"passed","title":"proves reject branch keeps DB state immutable before/after duplicate create"},{"ancestorTitles":["AssetsController+Service live create path"],"duration":8,"failing":false,"failureDetails":[],"failureMessages":[],"fullName":"AssetsController+Service live create path keeps uniqueness scoped to tenant+company in live create path","invocations":1,"location":null,"numPassingAsserts":2,"retryReasons":[],"startAt":1780719104732,"status":"passed","title":"keeps uniqueness scoped to tenant+company in live create path"},{"ancestorTitles":["AssetsController+Service live create path"],"duration":7,"failing":false,"failureDetails":[],"failureMessages":[],"fullName":"AssetsController+Service live create path executes cross-company forbidden read and returns ASSET-REG-404","invocations":1,"location":null,"numPassingAsserts":2,"retryReasons":[],"startAt":1780719104741,"status":"passed","title":"executes cross-company forbidden read and returns ASSET-REG-404"}],"endTime":1780719104775,"message":"","name":"C:\\Users\\ADMIN\\OneDrive\\Tài liệu\\Vibe Coding\\projects\\xevn-ecosystem\\apps\\api\\xbos-api\\src\\assets\\assets.create-live-path.spec.ts","startTime":1780719101671,"status":"passed","summary":""},{"assertionResults":[{"ancestorTitles":["AssetsController (UC-XBOS-AST)"],"duration":54,"failing":false,"failureDetails":[],"failureMessages":[],"fullName":"AssetsController (UC-XBOS-AST) rejects create without internal auth","invocations":1,"location":null,"numPassingAsserts":1,"retryReasons":[],"startAt":1780719104651,"status":"passed","title":"rejects create without internal auth"},{"ancestorTitles":["AssetsController (UC-XBOS-AST)"],"duration":9,"failing":false,"failureDetails":[],"failureMessages":[],"fullName":"AssetsController (UC-XBOS-AST) UC-XBOS-AST-01: create returns ASSET-REG-201","invocations":1,"location":null,"numPassingAsserts":2,"retryReasons":[],"startAt":1780719104706,"status":"passed","title":"UC-XBOS-AST-01: create returns ASSET-REG-201"},{"ancestorTitles":["AssetsController (UC-XBOS-AST)"],"duration":16,"failing":false,"failureDetails":[],"failureMessages":[],"fullName":"AssetsController (UC-XBOS-AST) UC-XBOS-AST-02: update asset lifecycle via PATCH","invocations":1,"location":null,"numPassingAsserts":2,"retryReasons":[],"startAt":1780719104715,"status":"passed","title":"UC-XBOS-AST-02: update asset lifecycle via PATCH"},{"ancestorTitles":["AssetsController (UC-XBOS-AST)"],"duration":8,"failing":false,"failureDetails":[],"failureMessages":[],"fullName":"AssetsController (UC-XBOS-AST) canonicalizes token module claim for create","invocations":1,"location":null,"numPassingAsserts":1,"retryReasons":[],"startAt":1780719104731,"status":"passed","title":"canonicalizes token module claim for create"},{"ancestorTitles":["AssetsController (UC-XBOS-AST)"],"duration":29,"failing":false,"failureDetails":[],"failureMessages":[],"fullName":"AssetsController (UC-XBOS-AST) rejects header/token module mismatch with ASSET-MOD-409","invocations":1,"location":null,"numPassingAsserts":1,"retryReasons":[],"startAt":1780719104739,"status":"passed","title":"rejects header/token module mismatch with ASSET-MOD-409"},{"ancestorTitles":["AssetsController (UC-XBOS-AST)"],"duration":5,"failing":false,"failureDetails":[],"failureMessages":[],"fullName":"AssetsController (UC-XBOS-AST) rejects missing scope with deterministic scope code","invocations":1,"location":null,"numPassingAsserts":2,"retryReasons":[],"startAt":1780719104768,"status":"passed","title":"rejects missing scope with deterministic scope code"},{"ancestorTitles":["AssetsController (UC-XBOS-AST)"],"duration":4,"failing":false,"failureDetails":[],"failureMessages":[],"fullName":"AssetsController (UC-XBOS-AST) rejects claim/request scope mismatch before write mutation","invocations":1,"location":null,"numPassingAsserts":2,"retryReasons":[],"startAt":1780719104773,"status":"passed","title":"rejects claim/request scope mismatch before write mutation"}],"endTime":1780719104781,"message":"","name":"C:\\Users\\ADMIN\\OneDrive\\Tài liệu\\Vibe Coding\\projects\\xevn-ecosystem\\apps\\api\\xbos-api\\src\\assets\\assets.controller.spec.ts","startTime":1780719101560,"status":"passed","summary":""},{"assertionResults":[{"ancestorTitles":["CatalogGovernanceController (UC-XBOS-CAT / XBOS-DM)"],"duration":41,"failing":false,"failureDetails":[],"failureMessages":[],"fullName":"CatalogGovernanceController (UC-XBOS-CAT / XBOS-DM) rejects unauthenticated extension-requests","invocations":1,"location":null,"numPassingAsserts":2,"retryReasons":[],"startAt":1780719104670,"status":"passed","title":"rejects unauthenticated extension-requests"},{"ancestorTitles":["CatalogGovernanceController (UC-XBOS-CAT / XBOS-DM)"],"duration":10,"failing":false,"failureDetails":[],"failureMessages":[],"fullName":"CatalogGovernanceController (UC-XBOS-CAT / XBOS-DM) XBOS-DM-17: publishCatalogVersion delegates publish to config-sync (XBOS-CFG-203)","invocations":1,"location":null,"numPassingAsserts":2,"retryReasons":[],"startAt":1780719104712,"status":"passed","title":"XBOS-DM-17: publishCatalogVersion delegates publish to config-sync (XBOS-CFG-203)"},{"ancestorTitles":["CatalogGovernanceController (UC-XBOS-CAT / XBOS-DM)"],"duration":7,"failing":false,"failureDetails":[],"failureMessages":[],"fullName":"CatalogGovernanceController (UC-XBOS-CAT / XBOS-DM) XBOS-DM-HRM-09: publish catalog version via governance alias (group CEO main → holding)","invocations":1,"location":null,"numPassingAsserts":2,"retryReasons":[],"startAt":1780719104722,"status":"passed","title":"XBOS-DM-HRM-09: publish catalog version via governance alias (group CEO main → holding)"},{"ancestorTitles":["CatalogGovernanceController (UC-XBOS-CAT / XBOS-DM)"],"duration":5,"failing":false,"failureDetails":[],"failureMessages":[],"fullName":"CatalogGovernanceController (UC-XBOS-CAT / XBOS-DM) UC-XBOS-CAT-01 / XBOS-DM-15: lists pending extensions with tenant-only scope","invocations":1,"location":null,"numPassingAsserts":2,"retryReasons":[],"startAt":1780719104729,"status":"passed","title":"UC-XBOS-CAT-01 / XBOS-DM-15: lists pending extensions with tenant-only scope"},{"ancestorTitles":["CatalogGovernanceController (UC-XBOS-CAT / XBOS-DM)"],"duration":10,"failing":false,"failureDetails":[],"failureMessages":[],"fullName":"CatalogGovernanceController (UC-XBOS-CAT / XBOS-DM) rejects inbox when JWT holding scope mismatches query main","invocations":1,"location":null,"numPassingAsserts":2,"retryReasons":[],"startAt":1780719104734,"status":"passed","title":"rejects inbox when JWT holding scope mismatches query main"},{"ancestorTitles":["CatalogGovernanceController (UC-XBOS-CAT / XBOS-DM)"],"duration":6,"failing":false,"failureDetails":[],"failureMessages":[],"fullName":"CatalogGovernanceController (UC-XBOS-CAT / XBOS-DM) UC-XBOS-CAT-03: catalog approval inbox accepts group CEO JWT main (ADR C2)","invocations":1,"location":null,"numPassingAsserts":2,"retryReasons":[],"startAt":1780719104744,"status":"passed","title":"UC-XBOS-CAT-03: catalog approval inbox accepts group CEO JWT main (ADR C2)"},{"ancestorTitles":["CatalogGovernanceController (UC-XBOS-CAT / XBOS-DM)"],"duration":4,"failing":false,"failureDetails":[],"failureMessages":[],"fullName":"CatalogGovernanceController (UC-XBOS-CAT / XBOS-DM) UC-XBOS-CAT-04 / XBOS-DM-11: instance detail accepts group CEO JWT main","invocations":1,"location":null,"numPassingAsserts":2,"retryReasons":[],"startAt":1780719104751,"status":"passed","title":"UC-XBOS-CAT-04 / XBOS-DM-11: instance detail accepts group CEO JWT main"},{"ancestorTitles":["CatalogGovernanceController (UC-XBOS-CAT / XBOS-DM)"],"duration":6,"failing":false,"failureDetails":[],"failureMessages":[],"fullName":"CatalogGovernanceController (UC-XBOS-CAT / XBOS-DM) UC-XBOS-CAT-02 / XBOS-DM-12: starts workflow with member scope aligned to JWT","invocations":1,"location":null,"numPassingAsserts":2,"retryReasons":[],"startAt":1780719104755,"status":"passed","title":"UC-XBOS-CAT-02 / XBOS-DM-12: starts workflow with member scope aligned to JWT"},{"ancestorTitles":["CatalogGovernanceController (UC-XBOS-CAT / XBOS-DM)"],"duration":6,"failing":false,"failureDetails":[],"failureMessages":[],"fullName":"CatalogGovernanceController (UC-XBOS-CAT / XBOS-DM) UC-XBOS-CAT-05 / XBOS-DM-13: approves catalog task with XBOS-CAT-201","invocations":1,"location":null,"numPassingAsserts":2,"retryReasons":[],"startAt":1780719104762,"status":"passed","title":"UC-XBOS-CAT-05 / XBOS-DM-13: approves catalog task with XBOS-CAT-201"},{"ancestorTitles":["CatalogGovernanceController (UC-XBOS-CAT / XBOS-DM)"],"duration":8,"failing":false,"failureDetails":[],"failureMessages":[],"fullName":"CatalogGovernanceController (UC-XBOS-CAT / XBOS-DM) UC-XBOS-CAT-07 / XBOS-DM-14: inbox read path for change-history plane (CAT-212)","invocations":1,"location":null,"numPassingAsserts":1,"retryReasons":[],"startAt":1780719104768,"status":"passed","title":"UC-XBOS-CAT-07 / XBOS-DM-14: inbox read path for change-history plane (CAT-212)"},{"ancestorTitles":["CatalogGovernanceController (UC-XBOS-CAT / XBOS-DM)"],"duration":9,"failing":false,"failureDetails":[],"failureMessages":[],"fullName":"CatalogGovernanceController (UC-XBOS-CAT / XBOS-DM) UC-XBOS-CAT-06 / XBOS-DM-16: rejects field-removal task with XBOS-CAT-202","invocations":1,"location":null,"numPassingAsserts":2,"retryReasons":[],"startAt":1780719104776,"status":"passed","title":"UC-XBOS-CAT-06 / XBOS-DM-16: rejects field-removal task with XBOS-CAT-202"},{"ancestorTitles":["CatalogGovernanceController (UC-XBOS-CAT / XBOS-DM)"],"duration":15,"failing":false,"failureDetails":[],"failureMessages":[],"fullName":"CatalogGovernanceController (UC-XBOS-CAT / XBOS-DM) rejects approve when group scope uses main against holding JWT","invocations":1,"location":null,"numPassingAsserts":2,"retryReasons":[],"startAt":1780719104786,"status":"passed","title":"rejects approve when group scope uses main against holding JWT"},{"ancestorTitles":["CatalogGovernanceController (UC-XBOS-CAT / XBOS-DM)"],"duration":3,"failing":false,"failureDetails":[],"failureMessages":[],"fullName":"CatalogGovernanceController (UC-XBOS-CAT / XBOS-DM) XBOS-DM-LOG-01 XBOS-DM-LOG-02 XBOS-DM-LOG-03 XBOS-DM-LOG-04 XBOS-DM-LOG-05 XBOS-DM-LOG-06 XBOS-DM-LOG-07 XBOS-DM-LOG-08 XBOS-DM-LOG-09 XBOS-DM-LOG-10 XBOS-DM-LOG-11 XBOS-DM-LOG-12 XBOS-DM-LOG-13 XBOS-DM-LOG-14 XBOS-DM-LOG-15 XBOS-DM-LOG-16 XBOS-DM-LOG-17 XBOS-DM-LOG-18 XBOS-DM-LOG-19 XBOS-DM-LOG-20 XBOS-DM-LOG-21 XBOS-DM-LOG-22: logistic catalog governance inbox plane","invocations":1,"location":null,"numPassingAsserts":2,"retryReasons":[],"startAt":1780719104801,"status":"passed","title":"XBOS-DM-LOG-01 XBOS-DM-LOG-02 XBOS-DM-LOG-03 XBOS-DM-LOG-04 XBOS-DM-LOG-05 XBOS-DM-LOG-06 XBOS-DM-LOG-07 XBOS-DM-LOG-08 XBOS-DM-LOG-09 XBOS-DM-LOG-10 XBOS-DM-LOG-11 XBOS-DM-LOG-12 XBOS-DM-LOG-13 XBOS-DM-LOG-14 XBOS-DM-LOG-15 XBOS-DM-LOG-16 XBOS-DM-LOG-17 XBOS-DM-LOG-18 XBOS-DM-LOG-19 XBOS-DM-LOG-20 XBOS-DM-LOG-21 XBOS-DM-LOG-22: logistic catalog governance inbox plane"}],"endTime":1780719104808,"message":"","name":"C:\\Users\\ADMIN\\OneDrive\\Tài liệu\\Vibe Coding\\projects\\xevn-ecosystem\\apps\\api\\xbos-api\\src\\catalog-governance\\catalog-governance.controller.spec.ts","startTime":1780719101652,"status":"passed","summary":""},{"assertionResults":[{"ancestorTitles":["ConfigSyncController"],"duration":47,"failing":false,"failureDetails":[],"failureMessages":[],"fullName":"ConfigSyncController rejects bootstrap without auth/internal key","invocations":1,"location":null,"numPassingAsserts":2,"retryReasons":[],"startAt":1780719104681,"status":"passed","title":"rejects bootstrap without auth/internal key"},{"ancestorTitles":["ConfigSyncController"],"duration":7,"failing":false,"failureDetails":[],"failureMessages":[],"fullName":"ConfigSyncController UC-XBOS-SYNC-01 / UC-ECO-MASTER-02: bootstrap with internal key returns XBOS-CFG-200","invocations":1,"location":null,"numPassingAsserts":3,"retryReasons":[],"startAt":1780719104729,"status":"passed","title":"UC-XBOS-SYNC-01 / UC-ECO-MASTER-02: bootstrap with internal key returns XBOS-CFG-200"},{"ancestorTitles":["ConfigSyncController"],"duration":6,"failing":false,"failureDetails":[],"failureMessages":[],"fullName":"ConfigSyncController requires auth for catalog publish","invocations":1,"location":null,"numPassingAsserts":2,"retryReasons":[],"startAt":1780719104736,"status":"passed","title":"requires auth for catalog publish"},{"ancestorTitles":["ConfigSyncController"],"duration":6,"failing":false,"failureDetails":[],"failureMessages":[],"fullName":"ConfigSyncController UC-XBOS-04: list catalogs overview returns XBOS-CFG-202","invocations":1,"location":null,"numPassingAsserts":1,"retryReasons":[],"startAt":1780719104743,"status":"passed","title":"UC-XBOS-04: list catalogs overview returns XBOS-CFG-202"},{"ancestorTitles":["ConfigSyncController"],"duration":5,"failing":false,"failureDetails":[],"failureMessages":[],"fullName":"ConfigSyncController XBOS-DM-01 XBOS-DM-02 XBOS-DM-03 XBOS-DM-04 XBOS-DM-05 XBOS-DM-06 XBOS-DM-07 XBOS-DM-08 XBOS-DM-09 UC-XBOS-02 UC-XBOS-05: publish shared catalog contract returns XBOS-CFG-203","invocations":1,"location":null,"numPassingAsserts":1,"retryReasons":[],"startAt":1780719104750,"status":"passed","title":"XBOS-DM-01 XBOS-DM-02 XBOS-DM-03 XBOS-DM-04 XBOS-DM-05 XBOS-DM-06 XBOS-DM-07 XBOS-DM-08 XBOS-DM-09 UC-XBOS-02 UC-XBOS-05: publish shared catalog contract returns XBOS-CFG-203"},{"ancestorTitles":["ConfigSyncController"],"duration":10,"failing":false,"failureDetails":[],"failureMessages":[],"fullName":"ConfigSyncController XBOS-DM-10: exports catalog via GET read path","invocations":1,"location":null,"numPassingAsserts":1,"retryReasons":[],"startAt":1780719104755,"status":"passed","title":"XBOS-DM-10: exports catalog via GET read path"},{"ancestorTitles":["ConfigSyncController"],"duration":7,"failing":false,"failureDetails":[],"failureMessages":[],"fullName":"ConfigSyncController XBOS-DM-17: publish catalog version returns XBOS-CFG-203","invocations":1,"location":null,"numPassingAsserts":3,"retryReasons":[],"startAt":1780719104765,"status":"passed","title":"XBOS-DM-17: publish catalog version returns XBOS-CFG-203"},{"ancestorTitles":["ConfigSyncController"],"duration":3,"failing":false,"failureDetails":[],"failureMessages":[],"fullName":"ConfigSyncController XBOS-DM-18: publish notifies assigned subsystems (HRM) with XBOS-CFG-203","invocations":1,"location":null,"numPassingAsserts":2,"retryReasons":[],"startAt":1780719104773,"status":"passed","title":"XBOS-DM-18: publish notifies assigned subsystems (HRM) with XBOS-CFG-203"},{"ancestorTitles":["ConfigSyncController"],"duration":14,"failing":false,"failureDetails":[],"failureMessages":[],"fullName":"ConfigSyncController rejects invalid target values","invocations":1,"location":null,"numPassingAsserts":1,"retryReasons":[],"startAt":1780719104776,"status":"passed","title":"rejects invalid target values"},{"ancestorTitles":["ConfigSyncController"],"duration":8,"failing":false,"failureDetails":[],"failureMessages":[],"fullName":"ConfigSyncController UC-XBOS-03: group CEO JWT main resolves catalog read to holding partition","invocations":1,"location":null,"numPassingAsserts":1,"retryReasons":[],"startAt":1780719104790,"status":"passed","title":"UC-XBOS-03: group CEO JWT main resolves catalog read to holding partition"},{"ancestorTitles":["ConfigSyncController"],"duration":5,"failing":false,"failureDetails":[],"failureMessages":[],"fullName":"ConfigSyncController UC-XBOS-03/04/UC-CC-P0-05: get/list catalogs return XBOS-CFG-201/202","invocations":1,"location":null,"numPassingAsserts":2,"retryReasons":[],"startAt":1780719104798,"status":"passed","title":"UC-XBOS-03/04/UC-CC-P0-05: get/list catalogs return XBOS-CFG-201/202"},{"ancestorTitles":["ConfigSyncController"],"duration":18,"failing":false,"failureDetails":[],"failureMessages":[],"fullName":"ConfigSyncController rejects missing scope before service read","invocations":1,"location":null,"numPassingAsserts":2,"retryReasons":[],"startAt":1780719104804,"status":"passed","title":"rejects missing scope before service read"},{"ancestorTitles":["ConfigSyncController"],"duration":5,"failing":false,"failureDetails":[],"failureMessages":[],"fullName":"ConfigSyncController rejects scope mismatch before service read","invocations":1,"location":null,"numPassingAsserts":2,"retryReasons":[],"startAt":1780719104823,"status":"passed","title":"rejects scope mismatch before service read"},{"ancestorTitles":["ConfigSyncController"],"duration":5,"failing":false,"failureDetails":[],"failureMessages":[],"fullName":"ConfigSyncController rejects publish when body companyId drifts from JWT holding scope","invocations":1,"location":null,"numPassingAsserts":2,"retryReasons":[],"startAt":1780719104828,"status":"passed","title":"rejects publish when body companyId drifts from JWT holding scope"},{"ancestorTitles":["ConfigSyncController"],"duration":4,"failing":false,"failureDetails":[],"failureMessages":[],"fullName":"ConfigSyncController publish passes JWT-aligned holding scope to service","invocations":1,"location":null,"numPassingAsserts":1,"retryReasons":[],"startAt":1780719104833,"status":"passed","title":"publish passes JWT-aligned holding scope to service"}],"endTime":1780719104841,"message":"","name":"C:\\Users\\ADMIN\\OneDrive\\Tài liệu\\Vibe Coding\\projects\\xevn-ecosystem\\apps\\api\\xbos-api\\src\\config-sync\\config-sync.controller.spec.ts","startTime":1780719101590,"status":"passed","summary":""},{"assertionResults":[{"ancestorTitles":["AlertsController"],"duration":6,"failing":false,"failureDetails":[],"failureMessages":[],"fullName":"AlertsController UC-XBOS-07: returns XBOS-ALERT-202 on violation ingest","invocations":1,"location":null,"numPassingAsserts":2,"retryReasons":[],"startAt":1780719105266,"status":"passed","title":"UC-XBOS-07: returns XBOS-ALERT-202 on violation ingest"},{"ancestorTitles":["AlertsController"],"duration":3,"failing":false,"failureDetails":[],"failureMessages":[],"fullName":"AlertsController rejects unauthorized ingest with XBOS-AUTH-001","invocations":1,"location":null,"numPassingAsserts":2,"retryReasons":[],"startAt":1780719105273,"status":"passed","title":"rejects unauthorized ingest with XBOS-AUTH-001"}],"endTime":1780719105279,"message":"","name":"C:\\Users\\ADMIN\\OneDrive\\Tài liệu\\Vibe Coding\\projects\\xevn-ecosystem\\apps\\api\\xbos-api\\src\\alerts\\alerts.controller.spec.ts","startTime":1780719104259,"status":"passed","summary":""},{"assertionResults":[{"ancestorTitles":["AuthController (UC-XBOS-AUTH-01/02)"],"duration":14,"failing":false,"failureDetails":[],"failureMessages":[],"fullName":"AuthController (UC-XBOS-AUTH-01/02) UC-XBOS-AUTH-01: login returns XBOS-AUTH-200 envelope","invocations":1,"location":null,"numPassingAsserts":2,"retryReasons":[],"startAt":1780719105446,"status":"passed","title":"UC-XBOS-AUTH-01: login returns XBOS-AUTH-200 envelope"},{"ancestorTitles":["AuthController (UC-XBOS-AUTH-01/02)"],"duration":53,"failing":false,"failureDetails":[],"failureMessages":[],"fullName":"AuthController (UC-XBOS-AUTH-01/02) UC-XBOS-AUTH-02: me rejects missing bearer","invocations":1,"location":null,"numPassingAsserts":2,"retryReasons":[],"startAt":1780719105461,"status":"passed","title":"UC-XBOS-AUTH-02: me rejects missing bearer"}],"endTime":1780719105516,"message":"","name":"C:\\Users\\ADMIN\\OneDrive\\Tài liệu\\Vibe Coding\\projects\\xevn-ecosystem\\apps\\api\\xbos-api\\src\\auth\\auth.controller.spec.ts","startTime":1780719104257,"status":"passed","summary":""},{"assertionResults":[{"ancestorTitles":["InfrastructureController (UC-XBOS-INF)"],"duration":13,"failing":false,"failureDetails":[],"failureMessages":[],"fullName":"InfrastructureController (UC-XBOS-INF) rejects unauthenticated settings read","invocations":1,"location":null,"numPassingAsserts":2,"retryReasons":[],"startAt":1780719105579,"status":"passed","title":"rejects unauthenticated settings read"},{"ancestorTitles":["InfrastructureController (UC-XBOS-INF)"],"duration":9,"failing":false,"failureDetails":[],"failureMessages":[],"fullName":"InfrastructureController (UC-XBOS-INF) UC-XBOS-INF-01: loads infrastructure settings","invocations":1,"location":null,"numPassingAsserts":2,"retryReasons":[],"startAt":1780719105592,"status":"passed","title":"UC-XBOS-INF-01: loads infrastructure settings"},{"ancestorTitles":["InfrastructureController (UC-XBOS-INF)"],"duration":9,"failing":false,"failureDetails":[],"failureMessages":[],"fullName":"InfrastructureController (UC-XBOS-INF) UC-XBOS-INF-02: upserts meta field templates via settings","invocations":1,"location":null,"numPassingAsserts":2,"retryReasons":[],"startAt":1780719105601,"status":"passed","title":"UC-XBOS-INF-02: upserts meta field templates via settings"},{"ancestorTitles":["InfrastructureController (UC-XBOS-INF)"],"duration":6,"failing":false,"failureDetails":[],"failureMessages":[],"fullName":"InfrastructureController (UC-XBOS-INF) UC-XBOS-INF-03: returns infrastructure summary with health fields","invocations":1,"location":null,"numPassingAsserts":2,"retryReasons":[],"startAt":1780719105610,"status":"passed","title":"UC-XBOS-INF-03: returns infrastructure summary with health fields"}],"endTime":1780719105616,"message":"","name":"C:\\Users\\ADMIN\\OneDrive\\Tài liệu\\Vibe Coding\\projects\\xevn-ecosystem\\apps\\api\\xbos-api\\src\\infrastructure\\infrastructure.controller.spec.ts","startTime":1780719104283,"status":"passed","summary":""},{"assertionResults":[{"ancestorTitles":["CI perf budget (xbos-api)"],"duration":242,"failing":false,"failureDetails":[],"failureMessages":[],"fullName":"CI perf budget (xbos-api) GET /api/xbos health stays within perf budget","invocations":1,"location":null,"numPassingAsserts":0,"retryReasons":[],"startAt":1780719105264,"status":"passed","title":"GET /api/xbos health stays within perf budget"},{"ancestorTitles":["CI perf budget (xbos-api)"],"duration":107,"failing":false,"failureDetails":[],"failureMessages":[],"fullName":"CI perf budget (xbos-api) GET /api/xbos/config-sync/catalog/:catalogKey (mocked service) stays within perf budget","invocations":1,"location":null,"numPassingAsserts":0,"retryReasons":[],"startAt":1780719105510,"status":"passed","title":"GET /api/xbos/config-sync/catalog/:catalogKey (mocked service) stays within perf budget"}],"endTime":1780719105624,"message":"","name":"C:\\Users\\ADMIN\\OneDrive\\Tài liệu\\Vibe Coding\\projects\\xevn-ecosystem\\apps\\api\\xbos-api\\src\\perf-budget\\ci.perf-budget.spec.ts","startTime":1780719101591,"status":"passed","summary":""},{"assertionResults":[{"ancestorTitles":["LegalEntityProfileController (UC-CC-P0-01/02)"],"duration":159,"failing":false,"failureDetails":[],"failureMessages":[],"fullName":"LegalEntityProfileController (UC-CC-P0-01/02) UC-CC-P0-01: lists shareholders for legal entity","invocations":1,"location":null,"numPassingAsserts":2,"retryReasons":[],"startAt":1780719105436,"status":"passed","title":"UC-CC-P0-01: lists shareholders for legal entity"},{"ancestorTitles":["LegalEntityProfileController (UC-CC-P0-01/02)"],"duration":12,"failing":false,"failureDetails":[],"failureMessages":[],"fullName":"LegalEntityProfileController (UC-CC-P0-01/02) UC-CC-P0-02: lists legal documents","invocations":1,"location":null,"numPassingAsserts":2,"retryReasons":[],"startAt":1780719105617,"status":"passed","title":"UC-CC-P0-02: lists legal documents"},{"ancestorTitles":["LegalEntityProfileController (UC-CC-P0-01/02)"],"duration":8,"failing":false,"failureDetails":[],"failureMessages":[],"fullName":"LegalEntityProfileController (UC-CC-P0-01/02) rejects shareholder list without auth","invocations":1,"location":null,"numPassingAsserts":2,"retryReasons":[],"startAt":1780719105629,"status":"passed","title":"rejects shareholder list without auth"},{"ancestorTitles":["LegalEntityProfileController (UC-CC-P0-01/02)"],"duration":7,"failing":false,"failureDetails":[],"failureMessages":[],"fullName":"LegalEntityProfileController (UC-CC-P0-01/02) P1-PHASE1-BE-SCOPE-CRUD-01: group CEO lists shareholders with member tenant headers","invocations":1,"location":null,"numPassingAsserts":2,"retryReasons":[],"startAt":1780719105637,"status":"passed","title":"P1-PHASE1-BE-SCOPE-CRUD-01: group CEO lists shareholders with member tenant headers"},{"ancestorTitles":["LegalEntityProfileController (UC-CC-P0-01/02)"],"duration":36,"failing":false,"failureDetails":[],"failureMessages":[],"fullName":"LegalEntityProfileController (UC-CC-P0-01/02) P1-PHASE1-BE-SCOPE-CRUD-01: member CEO blocked on group rollup tenant","invocations":1,"location":null,"numPassingAsserts":2,"retryReasons":[],"startAt":1780719105644,"status":"passed","title":"P1-PHASE1-BE-SCOPE-CRUD-01: member CEO blocked on group rollup tenant"}],"endTime":1780719105682,"message":"","name":"C:\\Users\\ADMIN\\OneDrive\\Tài liệu\\Vibe Coding\\projects\\xevn-ecosystem\\apps\\api\\xbos-api\\src\\legal-entity-profile\\legal-entity-profile.controller.spec.ts","startTime":1780719104243,"status":"passed","summary":""},{"assertionResults":[{"ancestorTitles":["AssetRequestController (UC-XBOS-AR)"],"duration":11,"failing":false,"failureDetails":[],"failureMessages":[],"fullName":"AssetRequestController (UC-XBOS-AR) rejects unauthenticated list","invocations":1,"location":null,"numPassingAsserts":2,"retryReasons":[],"startAt":1780719105647,"status":"passed","title":"rejects unauthenticated list"},{"ancestorTitles":["AssetRequestController (UC-XBOS-AR)"],"duration":6,"failing":false,"failureDetails":[],"failureMessages":[],"fullName":"AssetRequestController (UC-XBOS-AR) UC-XBOS-AR-01: lists asset requests scoped to JWT","invocations":1,"location":null,"numPassingAsserts":2,"retryReasons":[],"startAt":1780719105658,"status":"passed","title":"UC-XBOS-AR-01: lists asset requests scoped to JWT"},{"ancestorTitles":["AssetRequestController (UC-XBOS-AR)"],"duration":6,"failing":false,"failureDetails":[],"failureMessages":[],"fullName":"AssetRequestController (UC-XBOS-AR) UC-XBOS-AR-02: creates asset request with XBOS-AST-201","invocations":1,"location":null,"numPassingAsserts":2,"retryReasons":[],"startAt":1780719105664,"status":"passed","title":"UC-XBOS-AR-02: creates asset request with XBOS-AST-201"},{"ancestorTitles":["AssetRequestController (UC-XBOS-AR)"],"duration":5,"failing":false,"failureDetails":[],"failureMessages":[],"fullName":"AssetRequestController (UC-XBOS-AR) UC-XBOS-AR-03: transitions request status","invocations":1,"location":null,"numPassingAsserts":2,"retryReasons":[],"startAt":1780719105671,"status":"passed","title":"UC-XBOS-AR-03: transitions request status"},{"ancestorTitles":["AssetRequestController (UC-XBOS-AR)"],"duration":5,"failing":false,"failureDetails":[],"failureMessages":[],"fullName":"AssetRequestController (UC-XBOS-AR) UC-XBOS-16: advances request through finance_confirmed step","invocations":1,"location":null,"numPassingAsserts":2,"retryReasons":[],"startAt":1780719105676,"status":"passed","title":"UC-XBOS-16: advances request through finance_confirmed step"},{"ancestorTitles":["AssetRequestController (UC-XBOS-AR)"],"duration":5,"failing":false,"failureDetails":[],"failureMessages":[],"fullName":"AssetRequestController (UC-XBOS-AR) rejects scope mismatch before create","invocations":1,"location":null,"numPassingAsserts":2,"retryReasons":[],"startAt":1780719105681,"status":"passed","title":"rejects scope mismatch before create"}],"endTime":1780719105701,"message":"","name":"C:\\Users\\ADMIN\\OneDrive\\Tài liệu\\Vibe Coding\\projects\\xevn-ecosystem\\apps\\api\\xbos-api\\src\\asset-request\\asset-request.controller.spec.ts","startTime":1780719104802,"status":"passed","summary":""},{"assertionResults":[{"ancestorTitles":["PlatformAuditController (UC-XBOS-06)"],"duration":22,"failing":false,"failureDetails":[],"failureMessages":[],"fullName":"PlatformAuditController (UC-XBOS-06) rejects unauthenticated audit list","invocations":1,"location":null,"numPassingAsserts":2,"retryReasons":[],"startAt":1780719105741,"status":"passed","title":"rejects unauthenticated audit list"},{"ancestorTitles":["PlatformAuditController (UC-XBOS-06)"],"duration":4,"failing":false,"failureDetails":[],"failureMessages":[],"fullName":"PlatformAuditController (UC-XBOS-06) maps group CEO JWT main query to holding for audit reads","invocations":1,"location":null,"numPassingAsserts":2,"retryReasons":[],"startAt":1780719105763,"status":"passed","title":"maps group CEO JWT main query to holding for audit reads"},{"ancestorTitles":["PlatformAuditController (UC-XBOS-06)"],"duration":3,"failing":false,"failureDetails":[],"failureMessages":[],"fullName":"PlatformAuditController (UC-XBOS-06) XBOS-DM-14: audit history list returns XBOS-AUDIT-200","invocations":1,"location":null,"numPassingAsserts":2,"retryReasons":[],"startAt":1780719105768,"status":"passed","title":"XBOS-DM-14: audit history list returns XBOS-AUDIT-200"}],"endTime":1780719105773,"message":"","name":"C:\\Users\\ADMIN\\OneDrive\\Tài liệu\\Vibe Coding\\projects\\xevn-ecosystem\\apps\\api\\xbos-api\\src\\platform\\platform-audit.controller.spec.ts","startTime":1780719104821,"status":"passed","summary":""},{"assertionResults":[{"ancestorTitles":["AppController","root"],"duration":13,"failing":false,"failureDetails":[],"failureMessages":[],"fullName":"AppController root UC-XBOS-01: returns health envelope","invocations":1,"location":null,"numPassingAsserts":3,"retryReasons":[],"startAt":1780719105860,"status":"passed","title":"UC-XBOS-01: returns health envelope"},{"ancestorTitles":["AppController","metrics"],"duration":4,"failing":false,"failureDetails":[],"failureMessages":[],"fullName":"AppController metrics UC-XBOS-MET-01: returns JSON metrics snapshot","invocations":1,"location":null,"numPassingAsserts":2,"retryReasons":[],"startAt":1780719105874,"status":"passed","title":"UC-XBOS-MET-01: returns JSON metrics snapshot"}],"endTime":1780719105880,"message":"","name":"C:\\Users\\ADMIN\\OneDrive\\Tài liệu\\Vibe Coding\\projects\\xevn-ecosystem\\apps\\api\\xbos-api\\src\\app.controller.spec.ts","startTime":1780719104859,"status":"passed","summary":""},{"assertionResults":[{"ancestorTitles":["OrgFoundation legal-entity PUT (browser integration)"],"duration":907,"failing":false,"failureDetails":[],"failureMessages":[],"fullName":"OrgFoundation legal-entity PUT (browser integration) P1-CC-BE-MEMBER-LEGAL-BROWSER-PUT-01: browser-shaped PUT returns 201 (not XBOS-VAL-001)","invocations":1,"location":null,"numPassingAsserts":5,"retryReasons":[],"startAt":1780719104965,"status":"passed","title":"P1-CC-BE-MEMBER-LEGAL-BROWSER-PUT-01: browser-shaped PUT returns 201 (not XBOS-VAL-001)"},{"ancestorTitles":["OrgFoundation legal-entity PUT (browser integration)"],"duration":28,"failing":false,"failureDetails":[],"failureMessages":[],"fullName":"OrgFoundation legal-entity PUT (browser integration) accepts payload-only body (no root code/name) after middleware + enrich pipe","invocations":1,"location":null,"numPassingAsserts":4,"retryReasons":[],"startAt":1780719105873,"status":"passed","title":"accepts payload-only body (no root code/name) after middleware + enrich pipe"}],"endTime":1780719105903,"message":"","name":"C:\\Users\\ADMIN\\OneDrive\\Tài liệu\\Vibe Coding\\projects\\xevn-ecosystem\\apps\\api\\xbos-api\\src\\org-foundation\\org-foundation.legal-put-browser.integration.spec.ts","startTime":1780719101653,"status":"passed","summary":""},{"assertionResults":[{"ancestorTitles":["OrgFoundationController (UC-XBOS-ORG, ADR scope)"],"duration":14,"failing":false,"failureDetails":[],"failureMessages":[],"fullName":"OrgFoundationController (UC-XBOS-ORG, ADR scope) rejects unauthenticated org tree","invocations":1,"location":null,"numPassingAsserts":2,"retryReasons":[],"startAt":1780719106044,"status":"passed","title":"rejects unauthenticated org tree"},{"ancestorTitles":["OrgFoundationController (UC-XBOS-ORG, ADR scope)"],"duration":10,"failing":false,"failureDetails":[],"failureMessages":[],"fullName":"OrgFoundationController (UC-XBOS-ORG, ADR scope) rejects org tree when JWT holding scope mismatches header main (ADR §3.1)","invocations":1,"location":null,"numPassingAsserts":2,"retryReasons":[],"startAt":1780719106058,"status":"passed","title":"rejects org tree when JWT holding scope mismatches header main (ADR §3.1)"},{"ancestorTitles":["OrgFoundationController (UC-XBOS-ORG, ADR scope)"],"duration":9,"failing":false,"failureDetails":[],"failureMessages":[],"fullName":"OrgFoundationController (UC-XBOS-ORG, ADR scope) UC-CC-01 UC-XBOS-CC-08: loads org tree for department config per legal entity","invocations":1,"location":null,"numPassingAsserts":2,"retryReasons":[],"startAt":1780719106070,"status":"passed","title":"UC-CC-01 UC-XBOS-CC-08: loads org tree for department config per legal entity"},{"ancestorTitles":["OrgFoundationController (UC-XBOS-ORG, ADR scope)"],"duration":6,"failing":false,"failureDetails":[],"failureMessages":[],"fullName":"OrgFoundationController (UC-XBOS-ORG, ADR scope) UC-XBOS-ORG-01: group CEO on master tenant loads aggregated member trees","invocations":1,"location":null,"numPassingAsserts":3,"retryReasons":[],"startAt":1780719106079,"status":"passed","title":"UC-XBOS-ORG-01: group CEO on master tenant loads aggregated member trees"},{"ancestorTitles":["OrgFoundationController (UC-XBOS-ORG, ADR scope)"],"duration":6,"failing":false,"failureDetails":[],"failureMessages":[],"fullName":"OrgFoundationController (UC-XBOS-ORG, ADR scope) loads org tree when group CEO JWT uses holding on member scope","invocations":1,"location":null,"numPassingAsserts":3,"retryReasons":[],"startAt":1780719106086,"status":"passed","title":"loads org tree when group CEO JWT uses holding on member scope"},{"ancestorTitles":["OrgFoundationController (UC-XBOS-ORG, ADR scope)"],"duration":6,"failing":false,"failureDetails":[],"failureMessages":[],"fullName":"OrgFoundationController (UC-XBOS-ORG, ADR scope) UC-XBOS-ORG-02: creates org unit under scoped tenant returns XBOS-ORG-201","invocations":1,"location":null,"numPassingAsserts":2,"retryReasons":[],"startAt":1780719106092,"status":"passed","title":"UC-XBOS-ORG-02: creates org unit under scoped tenant returns XBOS-ORG-201"},{"ancestorTitles":["OrgFoundationController (UC-XBOS-ORG, ADR scope)"],"duration":6,"failing":false,"failureDetails":[],"failureMessages":[],"fullName":"OrgFoundationController (UC-XBOS-ORG, ADR scope) P1-CC-BE-MEMBER-LEGAL-SAVE-01: group CEO PUT member legal entity with xe-du-lich scope","invocations":1,"location":null,"numPassingAsserts":2,"retryReasons":[],"startAt":1780719106098,"status":"passed","title":"P1-CC-BE-MEMBER-LEGAL-SAVE-01: group CEO PUT member legal entity with xe-du-lich scope"},{"ancestorTitles":["OrgFoundationController (UC-XBOS-ORG, ADR scope)"],"duration":5,"failing":false,"failureDetails":[],"failureMessages":[],"fullName":"OrgFoundationController (UC-XBOS-ORG, ADR scope) P1-CC-BE-MEMBER-LEGAL-SAVE-01: group CEO PUT member legal entity with xe-tmdv scope","invocations":1,"location":null,"numPassingAsserts":2,"retryReasons":[],"startAt":1780719106104,"status":"passed","title":"P1-CC-BE-MEMBER-LEGAL-SAVE-01: group CEO PUT member legal entity with xe-tmdv scope"},{"ancestorTitles":["OrgFoundationController (UC-XBOS-ORG, ADR scope)"],"duration":8,"failing":false,"failureDetails":[],"failureMessages":[],"fullName":"OrgFoundationController (UC-XBOS-ORG, ADR scope) UC-XBOS-ORG-03: upserts legal entity profile fields","invocations":1,"location":null,"numPassingAsserts":2,"retryReasons":[],"startAt":1780719106109,"status":"passed","title":"UC-XBOS-ORG-03: upserts legal entity profile fields"},{"ancestorTitles":["OrgFoundationController (UC-XBOS-ORG, ADR scope)"],"duration":6,"failing":false,"failureDetails":[],"failureMessages":[],"fullName":"OrgFoundationController (UC-XBOS-ORG, ADR scope) UC-XBOS-10: promotes business segment via business-lines alias","invocations":1,"location":null,"numPassingAsserts":2,"retryReasons":[],"startAt":1780719106117,"status":"passed","title":"UC-XBOS-10: promotes business segment via business-lines alias"},{"ancestorTitles":["OrgFoundationController (UC-XBOS-ORG, ADR scope)"],"duration":5,"failing":false,"failureDetails":[],"failureMessages":[],"fullName":"OrgFoundationController (UC-XBOS-ORG, ADR scope) UC-CC-03: loads legal entity by member UUID under group CEO JWT","invocations":1,"location":null,"numPassingAsserts":3,"retryReasons":[],"startAt":1780719106124,"status":"passed","title":"UC-CC-03: loads legal entity by member UUID under group CEO JWT"},{"ancestorTitles":["OrgFoundationController (UC-XBOS-ORG, ADR scope)"],"duration":4,"failing":false,"failureDetails":[],"failureMessages":[],"fullName":"OrgFoundationController (UC-XBOS-ORG, ADR scope) P1-CC-BE-FE-MEMBER-LEGAL-BROWSER-SAVE-01: group CEO GET member entity with xe-du-lich headers","invocations":1,"location":null,"numPassingAsserts":3,"retryReasons":[],"startAt":1780719106129,"status":"passed","title":"P1-CC-BE-FE-MEMBER-LEGAL-BROWSER-SAVE-01: group CEO GET member entity with xe-du-lich headers"},{"ancestorTitles":["OrgFoundationController (UC-XBOS-ORG, ADR scope)"],"duration":5,"failing":false,"failureDetails":[],"failureMessages":[],"fullName":"OrgFoundationController (UC-XBOS-ORG, ADR scope) P1-PHASE1-BE-SCOPE-P0-S5-01: member CEO GET other tenant legal-entity UUID returns 409","invocations":1,"location":null,"numPassingAsserts":2,"retryReasons":[],"startAt":1780719106133,"status":"passed","title":"P1-PHASE1-BE-SCOPE-P0-S5-01: member CEO GET other tenant legal-entity UUID returns 409"},{"ancestorTitles":["OrgFoundationController (UC-XBOS-ORG, ADR scope)"],"duration":5,"failing":false,"failureDetails":[],"failureMessages":[],"fullName":"OrgFoundationController (UC-XBOS-ORG, ADR scope) P1-CC-BE-MEMBER-LEGAL-BROWSER-PUT-01: browser-shaped PUT with root code/name returns 201 envelope","invocations":1,"location":null,"numPassingAsserts":2,"retryReasons":[],"startAt":1780719106138,"status":"passed","title":"P1-CC-BE-MEMBER-LEGAL-BROWSER-PUT-01: browser-shaped PUT with root code/name returns 201 envelope"},{"ancestorTitles":["OrgFoundationController (UC-XBOS-ORG, ADR scope)"],"duration":4,"failing":false,"failureDetails":[],"failureMessages":[],"fullName":"OrgFoundationController (UC-XBOS-ORG, ADR scope) P1-CC-BE-FE-MEMBER-LEGAL-BROWSER-SAVE-01: browser-shaped PUT with root code/name returns 201 envelope","invocations":1,"location":null,"numPassingAsserts":2,"retryReasons":[],"startAt":1780719106143,"status":"passed","title":"P1-CC-BE-FE-MEMBER-LEGAL-BROWSER-SAVE-01: browser-shaped PUT with root code/name returns 201 envelope"},{"ancestorTitles":["OrgFoundationController (UC-XBOS-ORG, ADR scope)"],"duration":6,"failing":false,"failureDetails":[],"failureMessages":[],"fullName":"OrgFoundationController (UC-XBOS-ORG, ADR scope) UC-CC-P0-01: loads legal entities for member tenant with main scope","invocations":1,"location":null,"numPassingAsserts":2,"retryReasons":[],"startAt":1780719106147,"status":"passed","title":"UC-CC-P0-01: loads legal entities for member tenant with main scope"},{"ancestorTitles":["OrgFoundationController (UC-XBOS-ORG, ADR scope)"],"duration":5,"failing":false,"failureDetails":[],"failureMessages":[],"fullName":"OrgFoundationController (UC-XBOS-ORG, ADR scope) UC-CC-P0-03: does not delete org unit when scope mismatches","invocations":1,"location":null,"numPassingAsserts":2,"retryReasons":[],"startAt":1780719106153,"status":"passed","title":"UC-CC-P0-03: does not delete org unit when scope mismatches"}],"endTime":1780719106161,"message":"","name":"C:\\Users\\ADMIN\\OneDrive\\Tài liệu\\Vibe Coding\\projects\\xevn-ecosystem\\apps\\api\\xbos-api\\src\\org-foundation\\org-foundation.controller.spec.ts","startTime":1780719104806,"status":"passed","summary":""},{"assertionResults":[{"ancestorTitles":["TenantScopeService (ADR group vs member)"],"duration":7,"failing":false,"failureDetails":[],"failureMessages":[],"fullName":"TenantScopeService (ADR group vs member) groupOrgOverview rejects user without master membership (403 not 409)","invocations":1,"location":null,"numPassingAsserts":2,"retryReasons":[],"startAt":1780719106238,"status":"passed","title":"groupOrgOverview rejects user without master membership (403 not 409)"},{"ancestorTitles":["TenantScopeService (ADR group vs member)"],"duration":2,"failing":false,"failureDetails":[],"failureMessages":[],"fullName":"TenantScopeService (ADR group vs member) groupOrgOverview loads member trees when master membership exists","invocations":1,"location":null,"numPassingAsserts":3,"retryReasons":[],"startAt":1780719106246,"status":"passed","title":"groupOrgOverview loads member trees when master membership exists"},{"ancestorTitles":["TenantScopeService (ADR group vs member)"],"duration":2,"failing":false,"failureDetails":[],"failureMessages":[],"fullName":"TenantScopeService (ADR group vs member) UC-ECO-MASTER-02: listAccessible query is membership-scoped (no cross-tenant fan-out)","invocations":1,"location":null,"numPassingAsserts":3,"retryReasons":[],"startAt":1780719106248,"status":"passed","title":"UC-ECO-MASTER-02: listAccessible query is membership-scoped (no cross-tenant fan-out)"},{"ancestorTitles":["TenantScopeService (ADR group vs member)"],"duration":2,"failing":false,"failureDetails":[],"failureMessages":[],"fullName":"TenantScopeService (ADR group vs member) assertMembership throws XBOS-TENANT-403 when row missing","invocations":1,"location":null,"numPassingAsserts":3,"retryReasons":[],"startAt":1780719106250,"status":"passed","title":"assertMembership throws XBOS-TENANT-403 when row missing"}],"endTime":1780719106254,"message":"","name":"C:\\Users\\ADMIN\\OneDrive\\Tài liệu\\Vibe Coding\\projects\\xevn-ecosystem\\apps\\api\\xbos-api\\src\\tenant-scope\\tenant-scope.service.spec.ts","startTime":1780719105627,"status":"passed","summary":""},{"assertionResults":[{"ancestorTitles":["AssetRequestService (UC-XBOS-16)"],"duration":6,"failing":false,"failureDetails":[],"failureMessages":[],"fullName":"AssetRequestService (UC-XBOS-16) UC-XBOS-16: walks 5-step accounting transition chain","invocations":1,"location":null,"numPassingAsserts":6,"retryReasons":[],"startAt":1780719106242,"status":"passed","title":"UC-XBOS-16: walks 5-step accounting transition chain"},{"ancestorTitles":["AssetRequestService (UC-XBOS-16)"],"duration":4,"failing":false,"failureDetails":[],"failureMessages":[],"fullName":"AssetRequestService (UC-XBOS-16) BR-AR-01: rejects invalid transition with ASSET-REQ-409","invocations":1,"location":null,"numPassingAsserts":1,"retryReasons":[],"startAt":1780719106249,"status":"passed","title":"BR-AR-01: rejects invalid transition with ASSET-REQ-409"}],"endTime":1780719106255,"message":"","name":"C:\\Users\\ADMIN\\OneDrive\\Tài liệu\\Vibe Coding\\projects\\xevn-ecosystem\\apps\\api\\xbos-api\\src\\asset-request\\asset-request.service.spec.ts","startTime":1780719105641,"status":"passed","summary":""},{"assertionResults":[{"ancestorTitles":["WorkflowEngineService (UC-XBOS-13 / W3-5)"],"duration":5,"failing":false,"failureDetails":[],"failureMessages":[],"fullName":"WorkflowEngineService (UC-XBOS-13 / W3-5) updates definition with graph object without unused SQL params (W3-5)","invocations":1,"location":null,"numPassingAsserts":5,"retryReasons":[],"startAt":1780719106314,"status":"passed","title":"updates definition with graph object without unused SQL params (W3-5)"},{"ancestorTitles":["WorkflowEngineService (UC-XBOS-13 / W3-5)"],"duration":2,"failing":false,"failureDetails":[],"failureMessages":[],"fullName":"WorkflowEngineService (UC-XBOS-13 / W3-5) accepts workflow_code alias on create","invocations":1,"location":null,"numPassingAsserts":1,"retryReasons":[],"startAt":1780719106319,"status":"passed","title":"accepts workflow_code alias on create"},{"ancestorTitles":["WorkflowEngineService (UC-XBOS-13 / W3-5)"],"duration":1,"failing":false,"failureDetails":[],"failureMessages":[],"fullName":"WorkflowEngineService (UC-XBOS-13 / W3-5) requires name on PUT","invocations":1,"location":null,"numPassingAsserts":2,"retryReasons":[],"startAt":1780719106321,"status":"passed","title":"requires name on PUT"},{"ancestorTitles":["WorkflowEngineService (UC-XBOS-13 / W3-5)"],"duration":1,"failing":false,"failureDetails":[],"failureMessages":[],"fullName":"WorkflowEngineService (UC-XBOS-13 / W3-5) returns 404 when UPDATE matches no row","invocations":1,"location":null,"numPassingAsserts":1,"retryReasons":[],"startAt":1780719106322,"status":"passed","title":"returns 404 when UPDATE matches no row"}],"endTime":1780719106325,"message":"","name":"C:\\Users\\ADMIN\\OneDrive\\Tài liệu\\Vibe Coding\\projects\\xevn-ecosystem\\apps\\api\\xbos-api\\src\\workflow-engine\\workflow-engine.service.spec.ts","startTime":1780719105724,"status":"passed","summary":""},{"assertionResults":[{"ancestorTitles":["RaciGovernanceService (P1-FIX-RACI-SEED-02)"],"duration":4,"failing":false,"failureDetails":[],"failureMessages":[],"fullName":"RaciGovernanceService (P1-FIX-RACI-SEED-02) member partition matrix uses master-tenant catalog UUIDs (not seed-*)","invocations":1,"location":null,"numPassingAsserts":3,"retryReasons":[],"startAt":1780719106347,"status":"passed","title":"member partition matrix uses master-tenant catalog UUIDs (not seed-*)"},{"ancestorTitles":["RaciGovernanceService (P1-FIX-RACI-SEED-02)"],"duration":1,"failing":false,"failureDetails":[],"failureMessages":[],"fullName":"RaciGovernanceService (P1-FIX-RACI-SEED-02) remaps legacy seed-* override keys to catalog UUID on read","invocations":1,"location":null,"numPassingAsserts":2,"retryReasons":[],"startAt":1780719106351,"status":"passed","title":"remaps legacy seed-* override keys to catalog UUID on read"},{"ancestorTitles":["RaciGovernanceService (P1-FIX-RACI-SEED-02)"],"duration":2,"failing":false,"failureDetails":[],"failureMessages":[],"fullName":"RaciGovernanceService (P1-FIX-RACI-SEED-02) rejects PUT when activity_id is seed-* placeholder","invocations":1,"location":null,"numPassingAsserts":1,"retryReasons":[],"startAt":1780719106353,"status":"passed","title":"rejects PUT when activity_id is seed-* placeholder"}],"endTime":1780719106356,"message":"","name":"C:\\Users\\ADMIN\\OneDrive\\Tài liệu\\Vibe Coding\\projects\\xevn-ecosystem\\apps\\api\\xbos-api\\src\\raci-governance\\raci-governance.service.spec.ts","startTime":1780719105735,"status":"passed","summary":""},{"assertionResults":[{"ancestorTitles":["OrgFoundationService — legal entity upsert (UC-CC-03)"],"duration":5,"failing":false,"failureDetails":[],"failureMessages":[],"fullName":"OrgFoundationService — legal entity upsert (UC-CC-03) updates member legal entity using DB partition (not request headers)","invocations":1,"location":null,"numPassingAsserts":3,"retryReasons":[],"startAt":1780719106414,"status":"passed","title":"updates member legal entity using DB partition (not request headers)"},{"ancestorTitles":["OrgFoundationService — legal entity upsert (UC-CC-03)"],"duration":2,"failing":false,"failureDetails":[],"failureMessages":[],"fullName":"OrgFoundationService — legal entity upsert (UC-CC-03) returns 404 when entity UUID not in DB","invocations":1,"location":null,"numPassingAsserts":1,"retryReasons":[],"startAt":1780719106419,"status":"passed","title":"returns 404 when entity UUID not in DB"},{"ancestorTitles":["OrgFoundationService — legal entity upsert (UC-CC-03)"],"duration":1,"failing":false,"failureDetails":[],"failureMessages":[],"fullName":"OrgFoundationService — legal entity upsert (UC-CC-03) returns 404 when UPDATE matches zero rows (partition drift)","invocations":1,"location":null,"numPassingAsserts":1,"retryReasons":[],"startAt":1780719106421,"status":"passed","title":"returns 404 when UPDATE matches zero rows (partition drift)"},{"ancestorTitles":["OrgFoundationService — legal entity upsert (UC-CC-03)"],"duration":2,"failing":false,"failureDetails":[],"failureMessages":[],"fullName":"OrgFoundationService — legal entity upsert (UC-CC-03) rejects invalid tax code on update","invocations":1,"location":null,"numPassingAsserts":1,"retryReasons":[],"startAt":1780719106422,"status":"passed","title":"rejects invalid tax code on update"}],"endTime":1780719106427,"message":"","name":"C:\\Users\\ADMIN\\OneDrive\\Tài liệu\\Vibe Coding\\projects\\xevn-ecosystem\\apps\\api\\xbos-api\\src\\org-foundation\\org-foundation.service.spec.ts","startTime":1780719105784,"status":"passed","summary":""},{"assertionResults":[{"ancestorTitles":["TenantScopeController (membership / group overview)"],"duration":10,"failing":false,"failureDetails":[],"failureMessages":[],"fullName":"TenantScopeController (membership / group overview) rejects accessible without auth","invocations":1,"location":null,"numPassingAsserts":2,"retryReasons":[],"startAt":1780719106441,"status":"passed","title":"rejects accessible without auth"},{"ancestorTitles":["TenantScopeController (membership / group overview)"],"duration":8,"failing":false,"failureDetails":[],"failureMessages":[],"fullName":"TenantScopeController (membership / group overview) UC-XBOS-TENANT-01: resolves userId from JWT sub for accessible tenants","invocations":1,"location":null,"numPassingAsserts":2,"retryReasons":[],"startAt":1780719106451,"status":"passed","title":"UC-XBOS-TENANT-01: resolves userId from JWT sub for accessible tenants"},{"ancestorTitles":["TenantScopeController (membership / group overview)"],"duration":5,"failing":false,"failureDetails":[],"failureMessages":[],"fullName":"TenantScopeController (membership / group overview) UC-XBOS-TENANT-02: loads group org overview for authenticated group CEO","invocations":1,"location":null,"numPassingAsserts":2,"retryReasons":[],"startAt":1780719106459,"status":"passed","title":"UC-XBOS-TENANT-02: loads group org overview for authenticated group CEO"},{"ancestorTitles":["TenantScopeController (membership / group overview)"],"duration":7,"failing":false,"failureDetails":[],"failureMessages":[],"fullName":"TenantScopeController (membership / group overview) UC-XBOS-TENANT-03: lists group member units for master tenant CEO","invocations":1,"location":null,"numPassingAsserts":2,"retryReasons":[],"startAt":1780719106464,"status":"passed","title":"UC-XBOS-TENANT-03: lists group member units for master tenant CEO"},{"ancestorTitles":["TenantScopeController (membership / group overview)"],"duration":5,"failing":false,"failureDetails":[],"failureMessages":[],"fullName":"TenantScopeController (membership / group overview) propagates XBOS-TENANT-403 from service on group-member-units","invocations":1,"location":null,"numPassingAsserts":1,"retryReasons":[],"startAt":1780719106471,"status":"passed","title":"propagates XBOS-TENANT-403 from service on group-member-units"}],"endTime":1780719106478,"message":"","name":"C:\\Users\\ADMIN\\OneDrive\\Tài liệu\\Vibe Coding\\projects\\xevn-ecosystem\\apps\\api\\xbos-api\\src\\tenant-scope\\tenant-scope.controller.spec.ts","startTime":1780719105292,"status":"passed","summary":""},{"assertionResults":[{"ancestorTitles":["CommandCenterController (UC-CC-P0-08)"],"duration":11,"failing":false,"failureDetails":[],"failureMessages":[],"fullName":"CommandCenterController (UC-CC-P0-08) rejects workspace meta without internal auth","invocations":1,"location":null,"numPassingAsserts":2,"retryReasons":[],"startAt":1780719106561,"status":"passed","title":"rejects workspace meta without internal auth"},{"ancestorTitles":["CommandCenterController (UC-CC-P0-08)"],"duration":8,"failing":false,"failureDetails":[],"failureMessages":[],"fullName":"CommandCenterController (UC-CC-P0-08) UC-CC-P0-08: returns workspace meta with asOf","invocations":1,"location":null,"numPassingAsserts":3,"retryReasons":[],"startAt":1780719106572,"status":"passed","title":"UC-CC-P0-08: returns workspace meta with asOf"},{"ancestorTitles":["CommandCenterController (UC-CC-P0-08)"],"duration":18,"failing":false,"failureDetails":[],"failureMessages":[],"fullName":"CommandCenterController (UC-CC-P0-08) UC-CC-P0-08: group CEO main resolves to holding partition","invocations":1,"location":null,"numPassingAsserts":1,"retryReasons":[],"startAt":1780719106580,"status":"passed","title":"UC-CC-P0-08: group CEO main resolves to holding partition"}],"endTime":1780719106600,"message":"","name":"C:\\Users\\ADMIN\\OneDrive\\Tài liệu\\Vibe Coding\\projects\\xevn-ecosystem\\apps\\api\\xbos-api\\src\\command-center\\command-center.controller.spec.ts","startTime":1780719105626,"status":"passed","summary":""},{"assertionResults":[{"ancestorTitles":["ConfigSyncService"],"duration":57,"failing":false,"failureDetails":[],"failureMessages":[],"fullName":"ConfigSyncService rejects invalid catalog key format","invocations":1,"location":null,"numPassingAsserts":1,"retryReasons":[],"startAt":1780719106562,"status":"passed","title":"rejects invalid catalog key format"},{"ancestorTitles":["ConfigSyncService"],"duration":4,"failing":false,"failureDetails":[],"failureMessages":[],"fullName":"ConfigSyncService keeps version unchanged when checksum is unchanged","invocations":1,"location":null,"numPassingAsserts":3,"retryReasons":[],"startAt":1780719106620,"status":"passed","title":"keeps version unchanged when checksum is unchanged"},{"ancestorTitles":["ConfigSyncService"],"duration":1,"failing":false,"failureDetails":[],"failureMessages":[],"fullName":"ConfigSyncService rejects publish payload without items","invocations":1,"location":null,"numPassingAsserts":1,"retryReasons":[],"startAt":1780719106625,"status":"passed","title":"rejects publish payload without items"},{"ancestorTitles":["ConfigSyncService"],"duration":4,"failing":false,"failureDetails":[],"failureMessages":[],"fullName":"ConfigSyncService UC-ECO-MASTER-02: bootstrapXevnGroupConfig publishes only master holding catalogs","invocations":1,"location":null,"numPassingAsserts":8,"retryReasons":[],"startAt":1780719106627,"status":"passed","title":"UC-ECO-MASTER-02: bootstrapXevnGroupConfig publishes only master holding catalogs"},{"ancestorTitles":["ConfigSyncService"],"duration":2,"failing":false,"failureDetails":[],"failureMessages":[],"fullName":"ConfigSyncService fails fast on checksum mismatch for retrieve","invocations":1,"location":null,"numPassingAsserts":1,"retryReasons":[],"startAt":1780719106632,"status":"passed","title":"fails fast on checksum mismatch for retrieve"}],"endTime":1780719106635,"message":"","name":"C:\\Users\\ADMIN\\OneDrive\\Tài liệu\\Vibe Coding\\projects\\xevn-ecosystem\\apps\\api\\xbos-api\\src\\config-sync\\config-sync.service.spec.ts","startTime":1780719105914,"status":"passed","summary":""},{"assertionResults":[{"an
[...]
Details":[],"failureMessages":[],"fullName":"Master Asset Registry Wave 1 quality gate contracts rejects duplicate asset creation with deterministic code","invocations":1,"location":null,"numPassingAsserts":2,"retryReasons":[],"startAt":1780719107256,"status":"passed","title":"rejects duplicate asset creation with deterministic code"},{"ancestorTitles":["Master Asset Registry Wave 1 quality gate contracts"],"duration":4,"failing":false,"failureDetails":[],"failureMessages":[],"fullName":"Master Asset Registry Wave 1 quality gate contracts rejects forbidden ownership field update with deterministic code","invocations":1,"location":null,"numPassingAsserts":2,"retryReasons":[],"startAt":1780719107276,"status":"passed","title":"rejects forbidden ownership field update with deterministic code"},{"ancestorTitles":["Master Asset Registry Wave 1 quality gate contracts"],"duration":3,"failing":false,"failureDetails":[],"failureMessages":[],"fullName":"Master Asset Registry Wave 1 quality gate contracts appends create and authorized update audit entries","invocations":1,"location":null,"numPassingAsserts":4,"retryReasons":[],"startAt":1780719107280,"status":"passed","title":"appends create and authorized update audit entries"}],"endTime":1780719107284,"message":"","name":"C:\\Users\\ADMIN\\OneDrive\\Tài liệu\\Vibe Coding\\projects\\xevn-ecosystem\\apps\\api\\xbos-api\\src\\master-asset-registry\\master-asset-registry.wave1.spec.ts","startTime":1780719107122,"status":"passed","summary":""},{"assertionResults":[{"ancestorTitles":["resolveXbosGroupLegalReadScopeContext (ADR C2)"],"duration":4,"failing":false,"failureDetails":[],"failureMessages":[],"fullName":"resolveXbosGroupLegalReadScopeContext (ADR C2) maps group CEO JWT main to holding for catalog/org/audit reads","invocations":1,"location":null,"numPassingAsserts":1,"retryReasons":[],"startAt":1780719107225,"status":"passed","title":"maps group CEO JWT main to holding for catalog/org/audit reads"},{"ancestorTitles":["resolveXbosGroupLegalReadScopeContext (ADR C2)"],"duration":1,"failing":false,"failureDetails":[],"failureMessages":[],"fullName":"resolveXbosGroupLegalReadScopeContext (ADR C2) maps group CEO JWT main with omitted companyId to holding","invocations":1,"location":null,"numPassingAsserts":1,"retryReasons":[],"startAt":1780719107230,"status":"passed","title":"maps group CEO JWT main with omitted companyId to holding"},{"ancestorTitles":["resolveXbosGroupLegalReadScopeContext (ADR C2)"],"duration":1,"failing":false,"failureDetails":[],"failureMessages":[],"fullName":"resolveXbosGroupLegalReadScopeContext (ADR C2) allows group CEO JWT main to read member registry tenant xe-du-lich (edit preload)","invocations":1,"location":null,"numPassingAsserts":1,"retryReasons":[],"startAt":1780719107231,"status":"passed","title":"allows group CEO JWT main to read member registry tenant xe-du-lich (edit preload)"},{"ancestorTitles":["resolveXbosGroupLegalReadScopeContext (ADR C2)"],"duration":1,"failing":false,"failureDetails":[],"failureMessages":[],"fullName":"resolveXbosGroupLegalReadScopeContext (ADR C2) does not alias member CEO on main","invocations":1,"location":null,"numPassingAsserts":1,"retryReasons":[],"startAt":1780719107232,"status":"passed","title":"does not alias member CEO on main"},{"ancestorTitles":["resolveXbosGroupLegalReadScopeContext (ADR C2)"],"duration":2,"failing":false,"failureDetails":[],"failureMessages":[],"fullName":"resolveXbosGroupLegalReadScopeContext (ADR C2) U28: member CEO blocked on group rollup (xevn/main headers)","invocations":1,"location":null,"numPassingAsserts":2,"retryReasons":[],"startAt":1780719107233,"status":"passed","title":"U28: member CEO blocked on group rollup (xevn/main headers)"},{"ancestorTitles":["resolveXbosGroupLegalReadScopeContext (ADR C2)"],"duration":1,"failing":false,"failureDetails":[],"failureMessages":[],"fullName":"resolveXbosGroupLegalReadScopeContext (ADR C2) detects legal-entity UUID path keys","invocations":1,"location":null,"numPassingAsserts":2,"retryReasons":[],"startAt":1780719107235,"status":"passed","title":"detects legal-entity UUID path keys"},{"ancestorTitles":["resolveXbosGroupLegalReadScopeContext (ADR C2)"],"duration":1,"failing":false,"failureDetails":[],"failureMessages":[],"fullName":"resolveXbosGroupLegalReadScopeContext (ADR C2) resolveRaciMatrixJwtScope: group CEO ignores conflicting member tenant header","invocations":1,"location":null,"numPassingAsserts":1,"retryReasons":[],"startAt":1780719107236,"status":"passed","title":"resolveRaciMatrixJwtScope: group CEO ignores conflicting member tenant header"},{"ancestorTitles":["resolveXbosGroupLegalReadScopeContext (ADR C2)"],"duration":1,"failing":false,"failureDetails":[],"failureMessages":[],"fullName":"resolveXbosGroupLegalReadScopeContext (ADR C2) assertJwtMayReadLegalEntityPartition: group CEO may read member partition","invocations":1,"location":null,"numPassingAsserts":1,"retryReasons":[],"startAt":1780719107238,"status":"passed","title":"assertJwtMayReadLegalEntityPartition: group CEO may read member partition"},{"ancestorTitles":["resolveXbosGroupLegalReadScopeContext (ADR C2)"],"duration":53,"failing":false,"failureDetails":[],"failureMessages":[],"fullName":"resolveXbosGroupLegalReadScopeContext (ADR C2) org-foundation GET parity: partition assert blocks member CEO cross-tenant UUID","invocations":1,"location":null,"numPassingAsserts":1,"retryReasons":[],"startAt":1780719107239,"status":"passed","title":"org-foundation GET parity: partition assert blocks member CEO cross-tenant UUID"},{"ancestorTitles":["resolveXbosGroupLegalReadScopeContext (ADR C2)"],"duration":1,"failing":false,"failureDetails":[],"failureMessages":[],"fullName":"resolveXbosGroupLegalReadScopeContext (ADR C2) assertJwtMayReadLegalEntityPartition: member CEO cannot read other tenant","invocations":1,"location":null,"numPassingAsserts":2,"retryReasons":[],"startAt":1780719107293,"status":"passed","title":"assertJwtMayReadLegalEntityPartition: member CEO cannot read other tenant"},{"ancestorTitles":["resolveXbosGroupLegalReadScopeContext (ADR C2)"],"duration":2,"failing":false,"failureDetails":[],"failureMessages":[],"fullName":"resolveXbosGroupLegalReadScopeContext (ADR C2) still rejects JWT holding vs request main (no reverse alias)","invocations":1,"location":null,"numPassingAsserts":3,"retryReasons":[],"startAt":1780719107294,"status":"passed","title":"still rejects JWT holding vs request main (no reverse alias)"},{"ancestorTitles":["resolveXbosGroupLegalMutationScopeContext (P1-CC-BE-MEMBER-LEGAL-SAVE-01)"],"duration":1,"failing":false,"failureDetails":[],"failureMessages":[],"fullName":"resolveXbosGroupLegalMutationScopeContext (P1-CC-BE-MEMBER-LEGAL-SAVE-01) maps group CEO holding write to xevn/holding partition","invocations":1,"location":null,"numPassingAsserts":1,"retryReasons":[],"startAt":1780719107296,"status":"passed","title":"maps group CEO holding write to xevn/holding partition"},{"ancestorTitles":["resolveXbosGroupLegalMutationScopeContext (P1-CC-BE-MEMBER-LEGAL-SAVE-01)"],"duration":1,"failing":false,"failureDetails":[],"failureMessages":[],"fullName":"resolveXbosGroupLegalMutationScopeContext (P1-CC-BE-MEMBER-LEGAL-SAVE-01) allows group CEO JWT main to mutate member registry tenant xe-tmdv","invocations":1,"location":null,"numPassingAsserts":1,"retryReasons":[],"startAt":1780719107297,"status":"passed","title":"allows group CEO JWT main to mutate member registry tenant xe-tmdv"},{"ancestorTitles":["resolveXbosGroupLegalMutationScopeContext (P1-CC-BE-MEMBER-LEGAL-SAVE-01)"],"duration":1,"failing":false,"failureDetails":[],"failureMessages":[],"fullName":"resolveXbosGroupLegalMutationScopeContext (P1-CC-BE-MEMBER-LEGAL-SAVE-01) allows member company slug as companyId for member tenant mutation","invocations":1,"location":null,"numPassingAsserts":1,"retryReasons":[],"startAt":1780719107298,"status":"passed","title":"allows member company slug as companyId for member tenant mutation"},{"ancestorTitles":["resolveXbosGroupLegalMutationScopeContext (P1-CC-BE-MEMBER-LEGAL-SAVE-01)"],"duration":3,"failing":false,"failureDetails":[],"failureMessages":[],"fullName":"resolveXbosGroupLegalMutationScopeContext (P1-CC-BE-MEMBER-LEGAL-SAVE-01) does not bypass strict scope for member CEO","invocations":1,"location":null,"numPassingAsserts":1,"retryReasons":[],"startAt":1780719107299,"status":"passed","title":"does not bypass strict scope for member CEO"},{"ancestorTitles":["resolveXbosGroupLegalMutationScopeContext (P1-CC-BE-MEMBER-LEGAL-SAVE-01)"],"duration":1,"failing":false,"failureDetails":[],"failureMessages":[],"fullName":"resolveXbosGroupLegalMutationScopeContext (P1-CC-BE-MEMBER-LEGAL-SAVE-01) rejects member CEO mutating another tenant partition","invocations":1,"location":null,"numPassingAsserts":2,"retryReasons":[],"startAt":1780719107303,"status":"passed","title":"rejects member CEO mutating another tenant partition"},{"ancestorTitles":["resolveXbosGroupLegalMutationScopeContext (P1-CC-BE-MEMBER-LEGAL-SAVE-01)"],"duration":6,"failing":false,"failureDetails":[],"failureMessages":[],"fullName":"resolveXbosGroupLegalMutationScopeContext (P1-CC-BE-MEMBER-LEGAL-SAVE-01) still rejects JWT holding vs request main on mutation","invocations":1,"location":null,"numPassingAsserts":2,"retryReasons":[],"startAt":1780719107304,"status":"passed","title":"still rejects JWT holding vs request main on mutation"}],"endTime":1780719107316,"message":"","name":"C:\\Users\\ADMIN\\OneDrive\\Tài liệu\\Vibe Coding\\projects\\xevn-ecosystem\\apps\\api\\xbos-api\\src\\common\\xbos-group-legal-scope.spec.ts","startTime":1780719106708,"status":"passed","summary":""},{"assertionResults":[{"ancestorTitles":["GlobalHttpExceptionFilter"],"duration":15,"failing":false,"failureDetails":[],"failureMessages":[],"fullName":"GlobalHttpExceptionFilter does not throw when HttpException response payload is undefined","invocations":1,"location":null,"numPassingAsserts":3,"retryReasons":[],"startAt":1780719107310,"status":"passed","title":"does not throw when HttpException response payload is undefined"},{"ancestorTitles":["GlobalHttpExceptionFilter"],"duration":1,"failing":false,"failureDetails":[],"failureMessages":[],"fullName":"GlobalHttpExceptionFilter maps validation errors without custom code to XBOS-VAL-001","invocations":1,"location":null,"numPassingAsserts":1,"retryReasons":[],"startAt":1780719107326,"status":"passed","title":"maps validation errors without custom code to XBOS-VAL-001"}],"endTime":1780719107328,"message":"","name":"C:\\Users\\ADMIN\\OneDrive\\Tài liệu\\Vibe Coding\\projects\\xevn-ecosystem\\apps\\api\\xbos-api\\src\\common\\http-exception.filter.spec.ts","startTime":1780719106445,"status":"passed","summary":""},{"assertionResults":[{"ancestorTitles":["AuthService portal login JWT TTL"],"duration":3,"failing":false,"failureDetails":[],"failureMessages":[],"fullName":"AuthService portal login JWT TTL returns expiresInSec 86400 and JWT exp aligned with 24h TTL","invocations":1,"location":null,"numPassingAsserts":4,"retryReasons":[],"startAt":1780719107337,"status":"passed","title":"returns expiresInSec 86400 and JWT exp aligned with 24h TTL"}],"endTime":1780719107341,"message":"","name":"C:\\Users\\ADMIN\\OneDrive\\Tài liệu\\Vibe Coding\\projects\\xevn-ecosystem\\apps\\api\\xbos-api\\src\\auth\\auth.service.spec.ts","startTime":1780719106486,"status":"passed","summary":""},{"assertionResults":[{"ancestorTitles":["signServiceJwt"],"duration":2,"failing":false,"failureDetails":[],"failureMessages":[],"fullName":"signServiceJwt defaults to 24h TTL when ttlSec is omitted","invocations":1,"location":null,"numPassingAsserts":1,"retryReasons":[],"startAt":1780719107341,"status":"passed","title":"defaults to 24h TTL when ttlSec is omitted"},{"ancestorTitles":["signServiceJwt"],"duration":1,"failing":false,"failureDetails":[],"failureMessages":[],"fullName":"signServiceJwt sets exp to iat + ttlSec when portal TTL is 24h","invocations":1,"location":null,"numPassingAsserts":1,"retryReasons":[],"startAt":1780719107344,"status":"passed","title":"sets exp to iat + ttlSec when portal TTL is 24h"}],"endTime":1780719107348,"message":"","name":"C:\\Users\\ADMIN\\OneDrive\\Tài liệu\\Vibe Coding\\projects\\xevn-ecosystem\\apps\\api\\xbos-api\\src\\common\\jwt-sign.spec.ts","startTime":1780719107232,"status":"passed","summary":""},{"assertionResults":[{"ancestorTitles":["KpiEngineService","evaluate (UC-XBOS-KPI-01)"],"duration":9,"failing":false,"failureDetails":[],"failureMessages":[],"fullName":"KpiEngineService evaluate (UC-XBOS-KPI-01) returns excellent band when actual meets target","invocations":1,"location":null,"numPassingAsserts":2,"retryReasons":[],"startAt":1780719107320,"status":"passed","title":"returns excellent band when actual meets target"},{"ancestorTitles":["KpiEngineService","evaluate (UC-XBOS-KPI-01)"],"duration":0,"failing":false,"failureDetails":[],"failureMessages":[],"fullName":"KpiEngineService evaluate (UC-XBOS-KPI-01) returns critical band below critical threshold","invocations":1,"location":null,"numPassingAsserts":2,"retryReasons":[],"startAt":1780719107330,"status":"passed","title":"returns critical band below critical threshold"},{"ancestorTitles":["KpiEngineService","evaluate (UC-XBOS-KPI-01)"],"duration":2,"failing":false,"failureDetails":[],"failureMessages":[],"fullName":"KpiEngineService evaluate (UC-XBOS-KPI-01) rejects missing numeric target with XBOS-VAL-003","invocations":1,"location":null,"numPassingAsserts":3,"retryReasons":[],"startAt":1780719107335,"status":"passed","title":"rejects missing numeric target with XBOS-VAL-003"},{"ancestorTitles":["KpiEngineService","evaluateBatch (UC-XBOS-KPI-02)"],"duration":1,"failing":false,"failureDetails":[],"failureMessages":[],"fullName":"KpiEngineService evaluateBatch (UC-XBOS-KPI-02) evaluates each item with index","invocations":1,"location":null,"numPassingAsserts":3,"retryReasons":[],"startAt":1780719107337,"status":"passed","title":"evaluates each item with index"},{"ancestorTitles":["KpiEngineService","rollup (UC-XBOS-KPI-03)"],"duration":2,"failing":false,"failureDetails":[],"failureMessages":[],"fullName":"KpiEngineService rollup (UC-XBOS-KPI-03) uses group SQL for holding company scope","invocations":1,"location":null,"numPassingAsserts":1,"retryReasons":[],"startAt":1780719107341,"status":"passed","title":"uses group SQL for holding company scope"},{"ancestorTitles":["KpiEngineService","rollup (UC-XBOS-KPI-03)"],"duration":2,"failing":false,"failureDetails":[],"failureMessages":[],"fullName":"KpiEngineService rollup (UC-XBOS-KPI-03) uses single-company SQL for main scope","invocations":1,"location":null,"numPassingAsserts":1,"retryReasons":[],"startAt":1780719107343,"status":"passed","title":"uses single-company SQL for main scope"},{"ancestorTitles":["KpiEngineService","publishPortalAlert (UC-XBOS-KPI-04)"],"duration":2,"failing":false,"failureDetails":[],"failureMessages":[],"fullName":"KpiEngineService publishPortalAlert (UC-XBOS-KPI-04) inserts alert and returns id","invocations":1,"location":null,"numPassingAsserts":1,"retryReasons":[],"startAt":1780719107345,"status":"passed","title":"inserts alert and returns id"}],"endTime":1780719107351,"message":"","name":"C:\\Users\\ADMIN\\OneDrive\\Tài liệu\\Vibe Coding\\projects\\xevn-ecosystem\\apps\\api\\xbos-api\\src\\kpi-engine\\kpi-engine.service.spec.ts","startTime":1780719106640,"status":"passed","summary":""},{"assertionResults":[{"ancestorTitles":["resolveScopeContext (UC-ECO-SCOPE-02)"],"duration":3,"failing":false,"failureDetails":[],"failureMessages":[],"fullName":"resolveScopeContext (UC-ECO-SCOPE-02) throws SCOPE_CONTEXT_MISMATCH when header tenant differs from token","invocations":1,"location":null,"numPassingAsserts":3,"retryReasons":[],"startAt":1780719107347,"status":"passed","title":"throws SCOPE_CONTEXT_MISMATCH when header tenant differs from token"},{"ancestorTitles":["resolveScopeContext (UC-ECO-SCOPE-02)"],"duration":1,"failing":false,"failureDetails":[],"failureMessages":[],"fullName":"resolveScopeContext (UC-ECO-SCOPE-02) throws SCOPE_CONTEXT_MISMATCH when header company main differs from token holding (ADR org plane)","invocations":1,"location":null,"numPassingAsserts":3,"retryReasons":[],"startAt":1780719107350,"status":"passed","title":"throws SCOPE_CONTEXT_MISMATCH when header company main differs from token holding (ADR org plane)"},{"ancestorTitles":["resolveScopeContext (UC-ECO-SCOPE-02)"],"duration":1,"failing":false,"failureDetails":[],"failureMessages":[],"fullName":"resolveScopeContext (UC-ECO-SCOPE-02) accepts aligned holding scope for org-foundation paths","invocations":1,"location":null,"numPassingAsserts":1,"retryReasons":[],"startAt":1780719107351,"status":"passed","title":"accepts aligned holding scope for org-foundation paths"},{"ancestorTitles":["resolveScopeContext (UC-ECO-SCOPE-02)"],"duration":3,"failing":false,"failureDetails":[],"failureMessages":[],"fullName":"resolveScopeContext (UC-ECO-SCOPE-02) accepts portal tenantId=main when JWT tenant is xevn (J-CC-03 HTTPS probe)","invocations":1,"location":null,"numPassingAsserts":1,"retryReasons":[],"startAt":1780719107352,"status":"passed","title":"accepts portal tenantId=main when JWT tenant is xevn (J-CC-03 HTTPS probe)"}],"endTime":1780719107356,"message":"","name":"C:\\Users\\ADMIN\\OneDrive\\Tài liệu\\Vibe Coding\\projects\\xevn-ecosystem\\apps\\api\\xbos-api\\src\\common\\scope-context.spec.ts","startTime":1780719106864,"status":"passed","summary":""},{"assertionResults":[{"ancestorTitles":["LegalEntityEnrichPipe"],"duration":1,"failing":false,"failureDetails":[],"failureMessages":[],"fullName":"LegalEntityEnrichPipe lifts code/name from payload.companyForm when top-level missing","invocations":1,"location":null,"numPassingAsserts":2,"retryReasons":[],"startAt":1780719107359,"status":"passed","title":"lifts code/name from payload.companyForm when top-level missing"},{"ancestorTitles":["LegalEntityEnrichPipe"],"duration":0,"failing":false,"failureDetails":[],"failureMessages":[],"fullName":"LegalEntityEnrichPipe keeps explicit top-level code/name","invocations":1,"location":null,"numPassingAsserts":2,"retryReasons":[],"startAt":1780719107361,"status":"passed","title":"keeps explicit top-level code/name"},{"ancestorTitles":["LegalEntityEnrichPipe"],"duration":1,"failing":false,"failureDetails":[],"failureMessages":[],"fullName":"LegalEntityEnrichPipe no-ops for non-UpsertLegalEntityDto params","invocations":1,"location":null,"numPassingAsserts":1,"retryReasons":[],"startAt":1780719107361,"status":"passed","title":"no-ops for non-UpsertLegalEntityDto params"}],"endTime":1780719107363,"message":"","name":"C:\\Users\\ADMIN\\OneDrive\\Tài liệu\\Vibe Coding\\projects\\xevn-ecosystem\\apps\\api\\xbos-api\\src\\org-foundation\\pipes\\legal-entity-enrich.pipe.spec.ts","startTime":1780719106270,"status":"passed","summary":""},{"assertionResults":[{"ancestorTitles":["legalEntityBodyMiddleware"],"duration":2,"failing":false,"failureDetails":[],"failureMessages":[],"fullName":"legalEntityBodyMiddleware enriches req.body before route handlers","invocations":1,"location":null,"numPassingAsserts":2,"retryReasons":[],"startAt":1780719107372,"status":"passed","title":"enriches req.body before route handlers"},{"ancestorTitles":["legalEntityBodyMiddleware"],"duration":0,"failing":false,"failureDetails":[],"failureMessages":[],"fullName":"legalEntityBodyMiddleware parses string JSON body before enrich","invocations":1,"location":null,"numPassingAsserts":1,"retryReasons":[],"startAt":1780719107375,"status":"passed","title":"parses string JSON body before enrich"}],"endTime":1780719107376,"message":"","name":"C:\\Users\\ADMIN\\OneDrive\\Tài liệu\\Vibe Coding\\projects\\xevn-ecosystem\\apps\\api\\xbos-api\\src\\org-foundation\\middleware\\legal-entity-body.middleware.spec.ts","startTime":1780719107206,"status":"passed","summary":""}],"wasInterrupted":false}
